{"logTime": "0204/154758", "correlationVector":"CtLJU57Cip6gQa9rp36T/o.24","action":"GetUpdates", "result":"DeleteReceived", "context":{"id":"1605102d-9e36-4281-b02f-2aba292dde5a", "isDeleted:":"true", "version":"1700114327225"}}
{"logTime": "0204/154758", "correlationVector":"CtLJU57Cip6gQa9rp36T/o.25","action":"GetUpdates", "result":"DeleteReceived", "context":{"id":"b6618657-1b70-4a66-901b-45260210f3c5", "isDeleted:":"true", "version":"1700114327227"}}
{"logTime": "0204/154758", "correlationVector":"CtLJU57Cip6gQa9rp36T/o.26","action":"GetUpdates", "result":"DeleteReceived", "context":{"id":"878079eb-e214-4866-b96e-07bc16825b45", "isDeleted:":"true", "version":"1700115337143"}}
{"logTime": "0204/154758", "correlationVector":"CtLJU57Cip6gQa9rp36T/o.27","action":"GetUpdates", "result":"DeleteReceived", "context":{"id":"05e12b92-740a-4615-b6e7-35b479edffb7", "isDeleted:":"true", "version":"1700116502169"}}
{"logTime": "0204/154758", "correlationVector":"CtLJU57Cip6gQa9rp36T/o.28","action":"GetUpdates", "result":"DeleteReceived", "context":{"id":"1546e18f-26d9-43ab-b1c0-c13dff68d1b3", "isDeleted:":"true", "version":"1700117315186"}}
{"logTime": "0204/154758", "correlationVector":"CtLJU57Cip6gQa9rp36T/o.29","action":"GetUpdates", "result":"DeleteReceived", "context":{"id":"44b41ccf-62ad-43d4-8062-b0494ecfd5e7", "isDeleted:":"true", "version":"1700118607133"}}
{"logTime": "0204/154758", "correlationVector":"CtLJU57Cip6gQa9rp36T/o.30","action":"GetUpdates", "result":"DeleteReceived", "context":{"id":"c0d70499-c37b-41cb-bf64-9cbfe4e6eaf3", "isDeleted:":"true", "version":"1700118969217"}}
{"logTime": "0204/154758", "correlationVector":"CtLJU57Cip6gQa9rp36T/o.31","action":"GetUpdates", "result":"DeleteReceived", "context":{"id":"e4d99e5c-a127-478c-802f-0b6e55136fc4", "isDeleted:":"true", "version":"1700121506836"}}
{"logTime": "0204/154758", "correlationVector":"CtLJU57Cip6gQa9rp36T/o.32","action":"GetUpdates", "result":"DeleteReceived", "context":{"id":"64aa0d65-45b3-4b01-bf8d-bb96a41c5b0a", "isDeleted:":"true", "version":"1700123993863"}}
{"logTime": "0204/154758", "correlationVector":"CtLJU57Cip6gQa9rp36T/o.33","action":"GetUpdates", "result":"DeleteReceived", "context":{"id":"3121c916-75e1-4db7-8b78-f885e8d6762b", "isDeleted:":"true", "version":"1700131675856"}}
{"logTime": "0204/154758", "correlationVector":"CtLJU57Cip6gQa9rp36T/o.34","action":"GetUpdates", "result":"DeleteReceived", "context":{"id":"0dcc9ec0-a91d-436e-be85-0bac346e8775", "isDeleted:":"true", "version":"1700131891744"}}
{"logTime": "0204/154758", "correlationVector":"CtLJU57Cip6gQa9rp36T/o.35","action":"GetUpdates", "result":"DeleteReceived", "context":{"id":"92a67a68-0774-4dc8-ba64-30a39e68950c", "isDeleted:":"true", "version":"1700141247002"}}
{"logTime": "0204/154758", "correlationVector":"CtLJU57Cip6gQa9rp36T/o.36","action":"GetUpdates", "result":"DeleteReceived", "context":{"id":"504a7f45-8223-4f88-aaee-3ae8f7ace94c", "isDeleted:":"true", "version":"1700142178164"}}
{"logTime": "0204/154758", "correlationVector":"CtLJU57Cip6gQa9rp36T/o.37","action":"GetUpdates", "result":"DeleteReceived", "context":{"id":"a0cffcd3-13d9-494c-aa3d-419e249009bd", "isDeleted:":"true", "version":"1700144529122"}}
{"logTime": "0204/154758", "correlationVector":"CtLJU57Cip6gQa9rp36T/o.38","action":"GetUpdates", "result":"DeleteReceived", "context":{"id":"2a3f1b2c-9b92-449f-92f7-527245be1988", "isDeleted:":"true", "version":"1700145004208"}}
{"logTime": "0204/154758", "correlationVector":"CtLJU57Cip6gQa9rp36T/o.39","action":"GetUpdates", "result":"DeleteReceived", "context":{"id":"e4ca1327-6904-4e16-bfaa-9943531e5ac1", "isDeleted:":"true", "version":"1700145035153"}}
{"logTime": "0204/154758", "correlationVector":"CtLJU57Cip6gQa9rp36T/o.40","action":"GetUpdates", "result":"DeleteReceived", "context":{"id":"821db9b4-f666-4932-b995-f76e6b5c0212", "isDeleted:":"true", "version":"1700145335531"}}
{"logTime": "0204/154758", "correlationVector":"CtLJU57Cip6gQa9rp36T/o.41","action":"GetUpdates", "result":"DeleteReceived", "context":{"id":"ebe0930a-00fb-4b04-a92b-e388a673dc16", "isDeleted:":"true", "version":"1700145545598"}}
{"logTime": "0204/154758", "correlationVector":"CtLJU57Cip6gQa9rp36T/o.42","action":"GetUpdates", "result":"DeleteReceived", "context":{"id":"d9b83a0f-fbfc-4abd-9ca7-1d1ea369b44e", "isDeleted:":"true", "version":"1700145590900"}}
{"logTime": "0204/154758", "correlationVector":"CtLJU57Cip6gQa9rp36T/o.43","action":"GetUpdates", "result":"DeleteReceived", "context":{"id":"8e92e637-58c9-4b01-ba34-70843ab53205", "isDeleted:":"true", "version":"1700145866172"}}
{"logTime": "0204/154758", "correlationVector":"CtLJU57Cip6gQa9rp36T/o.44","action":"GetUpdates", "result":"DeleteReceived", "context":{"id":"239279c6-00e5-4f81-8274-b2c718269911", "isDeleted:":"true", "version":"1700146411992"}}
{"logTime": "0204/154758", "correlationVector":"CtLJU57Cip6gQa9rp36T/o.45","action":"GetUpdates", "result":"DeleteReceived", "context":{"id":"b705d29d-3c86-4272-85c4-6dbf8951780e", "isDeleted:":"true", "version":"1700146558451"}}
{"logTime": "0204/154758", "correlationVector":"CtLJU57Cip6gQa9rp36T/o.46","action":"GetUpdates", "result":"DeleteReceived", "context":{"id":"463830e4-01ba-4ef5-86e9-40423712bf6a", "isDeleted:":"true", "version":"1700146599755"}}
{"logTime": "0204/154758", "correlationVector":"CtLJU57Cip6gQa9rp36T/o.47","action":"GetUpdates", "result":"DeleteReceived", "context":{"id":"1dcc8e10-f746-4e47-b089-a3c0dc5aa55e", "isDeleted:":"true", "version":"1700158145952"}}
{"logTime": "0204/154758", "correlationVector":"CtLJU57Cip6gQa9rp36T/o.48","action":"GetUpdates", "result":"DeleteReceived", "context":{"id":"49490e3e-ac9f-4011-bbe4-766b904f787b", "isDeleted:":"true", "version":"1700158145955"}}
{"logTime": "0204/154758", "correlationVector":"CtLJU57Cip6gQa9rp36T/o.49","action":"GetUpdates", "result":"DeleteReceived", "context":{"id":"622d5e92-ede4-4073-9d24-b76e8fc356ac", "isDeleted:":"true", "version":"1700201821891"}}
{"logTime": "0204/154758", "correlationVector":"CtLJU57Cip6gQa9rp36T/o.50","action":"GetUpdates", "result":"DeleteReceived", "context":{"id":"2d17567e-96d3-492a-bd6f-05e54802638c", "isDeleted:":"true", "version":"1700203334145"}}
{"logTime": "0204/154758", "correlationVector":"CtLJU57Cip6gQa9rp36T/o.51","action":"GetUpdates", "result":"DeleteReceived", "context":{"id":"b5bb94b9-4341-405d-8bf5-8379ca037908", "isDeleted:":"true", "version":"1700203334146"}}
{"logTime": "0204/154758", "correlationVector":"CtLJU57Cip6gQa9rp36T/o.52","action":"GetUpdates", "result":"DeleteReceived", "context":{"id":"1050d13c-d992-47c9-acf7-323da4c5af51", "isDeleted:":"true", "version":"1700203334147"}}
{"logTime": "0204/154758", "correlationVector":"CtLJU57Cip6gQa9rp36T/o.53","action":"GetUpdates Response", "result":"SERVER_MORE_TO_DOWNLOAD", "context":Received 250 update(s).  Some updates remain.}
{"logTime": "0204/154758", "correlationVector":"yxvXwjylf4FvypH+jIU0qG","action":"Initial GetUpdates", "result":"", "context":Reason: NEWLY_SUPPORTED_DATATYPE. cV=yxvXwjylf4FvypH+jIU0qG}
{"logTime": "0204/154759", "correlationVector":"yxvXwjylf4FvypH+jIU0qG.1","action":"SyncServerConnectionManagerRequest", "result":"SYNC_SERVER_OK", "context":{"environment":"Prod_NorthEurope_000h", "migrationStage":"NotStarted", "server":"GENERAL0100000Q"}}
{"logTime": "0204/154759", "correlationVector":"yxvXwjylf4FvypH+jIU0qG.2","action":"GetUpdates", "result":"DeleteReceived", "context":{"id":"dc777a79-ca2e-4c60-84e0-dc742301c0cb", "isDeleted:":"true", "version":"1700203665762"}}
{"logTime": "0204/154759", "correlationVector":"yxvXwjylf4FvypH+jIU0qG.3","action":"GetUpdates", "result":"DeleteReceived", "context":{"id":"a367eeee-6968-4cd4-939a-2e6703b54b6f", "isDeleted:":"true", "version":"1700203665764"}}
{"logTime": "0204/154759", "correlationVector":"yxvXwjylf4FvypH+jIU0qG.4","action":"GetUpdates", "result":"DeleteReceived", "context":{"id":"1c2f415d-e2d6-4f8b-91b2-756867fcace4", "isDeleted:":"true", "version":"1700203754181"}}
{"logTime": "0204/154759", "correlationVector":"yxvXwjylf4FvypH+jIU0qG.5","action":"GetUpdates", "result":"DeleteReceived", "context":{"id":"facfecc8-a4bf-45f6-9980-cff5aab57444", "isDeleted:":"true", "version":"1700203787528"}}
{"logTime": "0204/154759", "correlationVector":"yxvXwjylf4FvypH+jIU0qG.6","action":"GetUpdates", "result":"DeleteReceived", "context":{"id":"2f881977-cdae-4e5c-b0d9-59523e341b41", "isDeleted:":"true", "version":"1700203908243"}}
{"logTime": "0204/154759", "correlationVector":"yxvXwjylf4FvypH+jIU0qG.7","action":"GetUpdates", "result":"DeleteReceived", "context":{"id":"b7f2d3dd-8fbc-475f-826d-dad8a7fe70f6", "isDeleted:":"true", "version":"1700203908244"}}
{"logTime": "0204/154759", "correlationVector":"yxvXwjylf4FvypH+jIU0qG.8","action":"GetUpdates", "result":"DeleteReceived", "context":{"id":"e7f6d737-85e8-4ac8-8bf2-7b931d5da301", "isDeleted:":"true", "version":"1700204946631"}}
{"logTime": "0204/154759", "correlationVector":"yxvXwjylf4FvypH+jIU0qG.9","action":"GetUpdates", "result":"DeleteReceived", "context":{"id":"c834e35e-bd09-4c51-8dd2-4b185ad76037", "isDeleted:":"true", "version":"1700205564725"}}
{"logTime": "0204/154759", "correlationVector":"yxvXwjylf4FvypH+jIU0qG.10","action":"GetUpdates", "result":"DeleteReceived", "context":{"id":"00cb4cf4-3cd6-42a8-a3da-ab31ce757fc4", "isDeleted:":"true", "version":"1700205884035"}}
{"logTime": "0204/154759", "correlationVector":"yxvXwjylf4FvypH+jIU0qG.11","action":"GetUpdates", "result":"DeleteReceived", "context":{"id":"97651139-caff-4dfd-b284-eb9aa0d69707", "isDeleted:":"true", "version":"1700205917393"}}
{"logTime": "0204/154759", "correlationVector":"yxvXwjylf4FvypH+jIU0qG.12","action":"GetUpdates", "result":"DeleteReceived", "context":{"id":"b342fa31-afe8-44ce-97c3-90878ac63e89", "isDeleted:":"true", "version":"1700206473953"}}
{"logTime": "0204/154759", "correlationVector":"yxvXwjylf4FvypH+jIU0qG.13","action":"GetUpdates", "result":"DeleteReceived", "context":{"id":"4bf33079-b821-4a2a-9d1c-efc6395d9f36", "isDeleted:":"true", "version":"1700206620566"}}
{"logTime": "0204/154759", "correlationVector":"yxvXwjylf4FvypH+jIU0qG.14","action":"GetUpdates", "result":"DeleteReceived", "context":{"id":"e13a3f58-52ce-40d6-a0e4-c782e95ad501", "isDeleted:":"true", "version":"1700206653897"}}
{"logTime": "0204/154759", "correlationVector":"yxvXwjylf4FvypH+jIU0qG.15","action":"GetUpdates", "result":"DeleteReceived", "context":{"id":"9a32b2b3-a81e-4329-a422-6beab5a9c9b8", "isDeleted:":"true", "version":"1700206653898"}}
{"logTime": "0204/154759", "correlationVector":"yxvXwjylf4FvypH+jIU0qG.16","action":"GetUpdates", "result":"DeleteReceived", "context":{"id":"51aa7a5f-48f1-410b-ba20-8616859f151b", "isDeleted:":"true", "version":"1700206653900"}}
{"logTime": "0204/154759", "correlationVector":"yxvXwjylf4FvypH+jIU0qG.17","action":"GetUpdates", "result":"DeleteReceived", "context":{"id":"bada2993-208d-4444-b14a-45d1dd0cdd84", "isDeleted:":"true", "version":"1700206653901"}}
{"logTime": "0204/154759", "correlationVector":"yxvXwjylf4FvypH+jIU0qG.18","action":"GetUpdates", "result":"DeleteReceived", "context":{"id":"ba4cece5-6179-4aa1-86bb-d9c4a8cf3ccd", "isDeleted:":"true", "version":"1700206653902"}}
{"logTime": "0204/154759", "correlationVector":"yxvXwjylf4FvypH+jIU0qG.19","action":"GetUpdates", "result":"DeleteReceived", "context":{"id":"9d683f44-979c-4b77-bacf-2a1d0efa1f02", "isDeleted:":"true", "version":"1700207647657"}}
{"logTime": "0204/154759", "correlationVector":"yxvXwjylf4FvypH+jIU0qG.20","action":"GetUpdates", "result":"DeleteReceived", "context":{"id":"5fe6646a-3e3f-4e3d-8a19-23e278587108", "isDeleted:":"true", "version":"1700211144418"}}
{"logTime": "0204/154759", "correlationVector":"yxvXwjylf4FvypH+jIU0qG.21","action":"GetUpdates", "result":"DeleteReceived", "context":{"id":"fa8f92a7-279f-47fd-929c-45e50952b487", "isDeleted:":"true", "version":"1700211449112"}}
{"logTime": "0204/154759", "correlationVector":"yxvXwjylf4FvypH+jIU0qG.22","action":"GetUpdates", "result":"DeleteReceived", "context":{"id":"360bae85-7bee-4157-be5b-d973db7d2a8b", "isDeleted:":"true", "version":"1700211690875"}}
{"logTime": "0204/154759", "correlationVector":"yxvXwjylf4FvypH+jIU0qG.23","action":"GetUpdates", "result":"DeleteReceived", "context":{"id":"96769457-4119-455a-8c9c-34fed13883c1", "isDeleted:":"true", "version":"1700211690876"}}
{"logTime": "0204/154759", "correlationVector":"yxvXwjylf4FvypH+jIU0qG.24","action":"GetUpdates", "result":"DeleteReceived", "context":{"id":"4b1f12b3-ea03-483d-a7d5-302f563b58d3", "isDeleted:":"true", "version":"1700214975639"}}
{"logTime": "0204/154759", "correlationVector":"yxvXwjylf4FvypH+jIU0qG.25","action":"GetUpdates", "result":"DeleteReceived", "context":{"id":"89214ca9-f5d5-43cc-b8b0-a6332d41466c", "isDeleted:":"true", "version":"1700215505571"}}
{"logTime": "0204/154759", "correlationVector":"yxvXwjylf4FvypH+jIU0qG.26","action":"GetUpdates", "result":"DeleteReceived", "context":{"id":"0ba6d5fb-5e21-4864-be44-26183aab1a85", "isDeleted:":"true", "version":"1700215646499"}}
{"logTime": "0204/154759", "correlationVector":"yxvXwjylf4FvypH+jIU0qG.27","action":"GetUpdates", "result":"DeleteReceived", "context":{"id":"48204319-fd52-4fb7-9ee1-afdd3ef45ef9", "isDeleted:":"true", "version":"1700215646500"}}
{"logTime": "0204/154759", "correlationVector":"yxvXwjylf4FvypH+jIU0qG.28","action":"GetUpdates", "result":"DeleteReceived", "context":{"id":"14baf870-b513-4bb5-a3cd-130d3b973cc0", "isDeleted:":"true", "version":"1700215646504"}}
{"logTime": "0204/154759", "correlationVector":"yxvXwjylf4FvypH+jIU0qG.29","action":"GetUpdates", "result":"DeleteReceived", "context":{"id":"b4514d6d-2bc2-4bbd-b07d-cb352dfdaf9a", "isDeleted:":"true", "version":"1700215646506"}}
{"logTime": "0204/154759", "correlationVector":"yxvXwjylf4FvypH+jIU0qG.30","action":"GetUpdates", "result":"DeleteReceived", "context":{"id":"06b605aa-a67b-429d-a5c5-7ed8bca25db0", "isDeleted:":"true", "version":"1700215646507"}}
{"logTime": "0204/154759", "correlationVector":"yxvXwjylf4FvypH+jIU0qG.31","action":"GetUpdates", "result":"DeleteReceived", "context":{"id":"c91c7b76-adaa-403b-b619-b09691ff798c", "isDeleted:":"true", "version":"1700221533099"}}
{"logTime": "0204/154759", "correlationVector":"yxvXwjylf4FvypH+jIU0qG.32","action":"GetUpdates", "result":"DeleteReceived", "context":{"id":"76113893-aaed-4f95-8ea6-3e313400ba10", "isDeleted:":"true", "version":"1700221533103"}}
{"logTime": "0204/154759", "correlationVector":"yxvXwjylf4FvypH+jIU0qG.33","action":"GetUpdates", "result":"DeleteReceived", "context":{"id":"27e080e5-490c-4186-8600-353d90b4d77b", "isDeleted:":"true", "version":"1700455879442"}}
{"logTime": "0204/154759", "correlationVector":"yxvXwjylf4FvypH+jIU0qG.34","action":"GetUpdates", "result":"DeleteReceived", "context":{"id":"d9f1e7b6-aa24-4035-8cc7-9bfcd60b1d6b", "isDeleted:":"true", "version":"1700455879443"}}
{"logTime": "0204/154759", "correlationVector":"yxvXwjylf4FvypH+jIU0qG.35","action":"GetUpdates", "result":"DeleteReceived", "context":{"id":"55e2702b-cd98-4e78-b310-527c21c4a5d2", "isDeleted:":"true", "version":"1700456461946"}}
{"logTime": "0204/154759", "correlationVector":"yxvXwjylf4FvypH+jIU0qG.36","action":"GetUpdates", "result":"DeleteReceived", "context":{"id":"5dba6e9c-7e95-40a7-9248-426a5d918242", "isDeleted:":"true", "version":"1700456533407"}}
{"logTime": "0204/154759", "correlationVector":"yxvXwjylf4FvypH+jIU0qG.37","action":"GetUpdates", "result":"DeleteReceived", "context":{"id":"b73553f8-a884-45c5-b2f5-bfb51a0c53b1", "isDeleted:":"true", "version":"1700460952356"}}
{"logTime": "0204/154759", "correlationVector":"yxvXwjylf4FvypH+jIU0qG.38","action":"GetUpdates", "result":"DeleteReceived", "context":{"id":"488b101d-df95-4df5-900e-632084a35fd4", "isDeleted:":"true", "version":"1700464821428"}}
{"logTime": "0204/154759", "correlationVector":"yxvXwjylf4FvypH+jIU0qG.39","action":"GetUpdates", "result":"DeleteReceived", "context":{"id":"aef8f8fb-e124-4ec6-ab37-bf732173eb1a", "isDeleted:":"true", "version":"1700464839451"}}
{"logTime": "0204/154759", "correlationVector":"yxvXwjylf4FvypH+jIU0qG.40","action":"GetUpdates", "result":"DeleteReceived", "context":{"id":"05913c58-d550-4489-9df8-c3bfc8935b5e", "isDeleted:":"true", "version":"1700464847713"}}
{"logTime": "0204/154759", "correlationVector":"yxvXwjylf4FvypH+jIU0qG.41","action":"GetUpdates", "result":"DeleteReceived", "context":{"id":"e3375d55-9328-4c36-ae6f-6a709d55c099", "isDeleted:":"true", "version":"1700477592122"}}
{"logTime": "0204/154759", "correlationVector":"yxvXwjylf4FvypH+jIU0qG.42","action":"GetUpdates", "result":"DeleteReceived", "context":{"id":"05978330-f568-494d-b0a0-08ff5f14fda7", "isDeleted:":"true", "version":"1700477592124"}}
{"logTime": "0204/154759", "correlationVector":"yxvXwjylf4FvypH+jIU0qG.43","action":"GetUpdates", "result":"DeleteReceived", "context":{"id":"3fa7d5b3-0aaf-489c-aba3-b6589bf00b34", "isDeleted:":"true", "version":"1700477614731"}}
{"logTime": "0204/154759", "correlationVector":"yxvXwjylf4FvypH+jIU0qG.44","action":"GetUpdates", "result":"DeleteReceived", "context":{"id":"e117e3c8-732a-47cb-8724-9bec1617c1d0", "isDeleted:":"true", "version":"1700477649388"}}
{"logTime": "0204/154759", "correlationVector":"yxvXwjylf4FvypH+jIU0qG.45","action":"GetUpdates", "result":"DeleteReceived", "context":{"id":"8ab638d1-9b48-46d3-8ca2-183ae2cb1b45", "isDeleted:":"true", "version":"1700478900665"}}
{"logTime": "0204/154759", "correlationVector":"yxvXwjylf4FvypH+jIU0qG.46","action":"GetUpdates", "result":"DeleteReceived", "context":{"id":"85c84c93-8c54-4e33-95c0-c3bbb585c524", "isDeleted:":"true", "version":"1700478935613"}}
{"logTime": "0204/154759", "correlationVector":"yxvXwjylf4FvypH+jIU0qG.47","action":"GetUpdates", "result":"DeleteReceived", "context":{"id":"3360508a-7bd8-4301-b69d-4938a48cab11", "isDeleted:":"true", "version":"1700552458138"}}
{"logTime": "0204/154759", "correlationVector":"yxvXwjylf4FvypH+jIU0qG.48","action":"GetUpdates", "result":"DeleteReceived", "context":{"id":"6aab4449-1b4d-469e-98bb-3100ae64af63", "isDeleted:":"true", "version":"1700560632188"}}
{"logTime": "0204/154759", "correlationVector":"yxvXwjylf4FvypH+jIU0qG.49","action":"GetUpdates", "result":"DeleteReceived", "context":{"id":"afe354b6-cf04-4adf-b259-bf781596a4d2", "isDeleted:":"true", "version":"1700562398160"}}
{"logTime": "0204/154759", "correlationVector":"yxvXwjylf4FvypH+jIU0qG.50","action":"GetUpdates", "result":"DeleteReceived", "context":{"id":"b7f0315d-f2f3-44a0-93f5-a31095be573e", "isDeleted:":"true", "version":"1700562430483"}}
{"logTime": "0204/154759", "correlationVector":"yxvXwjylf4FvypH+jIU0qG.51","action":"GetUpdates", "result":"DeleteReceived", "context":{"id":"14dab120-e758-484c-ad1a-711d0bb91389", "isDeleted:":"true", "version":"1700566873067"}}
{"logTime": "0204/154759", "correlationVector":"yxvXwjylf4FvypH+jIU0qG.52","action":"GetUpdates", "result":"DeleteReceived", "context":{"id":"5849aa5b-3590-4647-940e-9d5581f3d310", "isDeleted:":"true", "version":"1700567138309"}}
{"logTime": "0204/154759", "correlationVector":"yxvXwjylf4FvypH+jIU0qG.53","action":"GetUpdates", "result":"DeleteReceived", "context":{"id":"1f5ac453-f032-4cf9-bd38-5eab10d65196", "isDeleted:":"true", "version":"1700567184265"}}
{"logTime": "0204/154759", "correlationVector":"yxvXwjylf4FvypH+jIU0qG.54","action":"GetUpdates", "result":"DeleteReceived", "context":{"id":"913df316-a109-4aa4-a7f9-466fff76834c", "isDeleted:":"true", "version":"1700567214791"}}
{"logTime": "0204/154759", "correlationVector":"yxvXwjylf4FvypH+jIU0qG.55","action":"GetUpdates", "result":"DeleteReceived", "context":{"id":"8f047dc9-2228-434d-8b4f-c958d22aa069", "isDeleted:":"true", "version":"1700568660892"}}
{"logTime": "0204/154759", "correlationVector":"yxvXwjylf4FvypH+jIU0qG.56","action":"GetUpdates", "result":"DeleteReceived", "context":{"id":"cb41531a-fcc9-47cb-90be-f0c8688ffa6d", "isDeleted:":"true", "version":"1700569040850"}}
{"logTime": "0204/154759", "correlationVector":"yxvXwjylf4FvypH+jIU0qG.57","action":"GetUpdates", "result":"DeleteReceived", "context":{"id":"a9339f12-a3e2-4bba-b767-05c82bddb828", "isDeleted:":"true", "version":"1700577176355"}}
{"logTime": "0204/154759", "correlationVector":"yxvXwjylf4FvypH+jIU0qG.58","action":"GetUpdates", "result":"DeleteReceived", "context":{"id":"be34989d-6bf6-4af8-80ba-65c623b9f147", "isDeleted:":"true", "version":"1700577265258"}}
{"logTime": "0204/154759", "correlationVector":"yxvXwjylf4FvypH+jIU0qG.59","action":"GetUpdates", "result":"DeleteReceived", "context":{"id":"72d76714-8712-4792-ae2a-6f3301e68f5d", "isDeleted:":"true", "version":"1700578721029"}}
{"logTime": "0204/154759", "correlationVector":"yxvXwjylf4FvypH+jIU0qG.60","action":"GetUpdates", "result":"DeleteReceived", "context":{"id":"f1a4f9e1-3fc7-440f-8b88-26f8c63d22b9", "isDeleted:":"true", "version":"1700578846129"}}
{"logTime": "0204/154759", "correlationVector":"yxvXwjylf4FvypH+jIU0qG.61","action":"GetUpdates", "result":"DeleteReceived", "context":{"id":"f3728b77-a212-4673-a375-e28771f9be15", "isDeleted:":"true", "version":"1700593739482"}}
{"logTime": "0204/154759", "correlationVector":"yxvXwjylf4FvypH+jIU0qG.62","action":"GetUpdates", "result":"DeleteReceived", "context":{"id":"310981bd-496c-43c3-b5ec-291dd4206c5f", "isDeleted:":"true", "version":"1700599764186"}}
{"logTime": "0204/154759", "correlationVector":"yxvXwjylf4FvypH+jIU0qG.63","action":"GetUpdates", "result":"DeleteReceived", "context":{"id":"5b22a61c-ae7e-471d-9b2a-8aa8036b6821", "isDeleted:":"true", "version":"1700631036622"}}
{"logTime": "0204/154759", "correlationVector":"yxvXwjylf4FvypH+jIU0qG.64","action":"GetUpdates", "result":"DeleteReceived", "context":{"id":"c1decf09-8dbd-4114-b026-ee13e717a12f", "isDeleted:":"true", "version":"1700636717292"}}
{"logTime": "0204/154759", "correlationVector":"yxvXwjylf4FvypH+jIU0qG.65","action":"GetUpdates", "result":"DeleteReceived", "context":{"id":"52d9131f-d3f9-4307-8f6f-a661d56df3c1", "isDeleted:":"true", "version":"1700637305512"}}
{"logTime": "0204/154759", "correlationVector":"yxvXwjylf4FvypH+jIU0qG.66","action":"GetUpdates", "result":"DeleteReceived", "context":{"id":"7a579262-fa53-4de1-807a-cb130b0fb839", "isDeleted:":"true", "version":"1700637830416"}}
{"logTime": "0204/154759", "correlationVector":"yxvXwjylf4FvypH+jIU0qG.67","action":"GetUpdates", "result":"DeleteReceived", "context":{"id":"4329b94e-4a11-4192-88f5-f982d34221fe", "isDeleted:":"true", "version":"1700637841387"}}
{"logTime": "0204/154759", "correlationVector":"yxvXwjylf4FvypH+jIU0qG.68","action":"GetUpdates", "result":"DeleteReceived", "context":{"id":"10140d53-5cc0-44f3-a40e-5e24e4067faa", "isDeleted:":"true", "version":"1700637841388"}}
{"logTime": "0204/154759", "correlationVector":"yxvXwjylf4FvypH+jIU0qG.69","action":"GetUpdates", "result":"DeleteReceived", "context":{"id":"187ca418-9ac9-4085-98b6-1940b0d9fc8f", "isDeleted:":"true", "version":"1700639720721"}}
{"logTime": "0204/154759", "correlationVector":"yxvXwjylf4FvypH+jIU0qG.70","action":"GetUpdates", "result":"DeleteReceived", "context":{"id":"8766c85d-7f30-48be-b2e5-8e80da9a2ad2", "isDeleted:":"true", "version":"1700639897211"}}
{"logTime": "0204/154759", "correlationVector":"yxvXwjylf4FvypH+jIU0qG.71","action":"GetUpdates", "result":"DeleteReceived", "context":{"id":"fe9382c5-3717-415f-b2a8-064416aca653", "isDeleted:":"true", "version":"1700643266500"}}
{"logTime": "0204/154759", "correlationVector":"yxvXwjylf4FvypH+jIU0qG.72","action":"GetUpdates", "result":"DeleteReceived", "context":{"id":"8c630741-9863-41ef-bec4-3be3bfa9e421", "isDeleted:":"true", "version":"1700644848601"}}
{"logTime": "0204/154759", "correlationVector":"yxvXwjylf4FvypH+jIU0qG.73","action":"GetUpdates", "result":"DeleteReceived", "context":{"id":"643fe7ea-3140-4a5d-a4d8-9ef43c440e20", "isDeleted:":"true", "version":"1700647893714"}}
{"logTime": "0204/154759", "correlationVector":"yxvXwjylf4FvypH+jIU0qG.74","action":"GetUpdates", "result":"DeleteReceived", "context":{"id":"b58e45ea-fed6-481c-8cc5-ef4a55ca3862", "isDeleted:":"true", "version":"1700650929389"}}
{"logTime": "0204/154759", "correlationVector":"yxvXwjylf4FvypH+jIU0qG.75","action":"GetUpdates", "result":"DeleteReceived", "context":{"id":"dababd91-140c-4465-b776-37959f1056c1", "isDeleted:":"true", "version":"1700652368003"}}
{"logTime": "0204/154759", "correlationVector":"yxvXwjylf4FvypH+jIU0qG.76","action":"GetUpdates", "result":"DeleteReceived", "context":{"id":"fe8d3bca-e57f-4145-80ee-338691709eea", "isDeleted:":"true", "version":"1700655765879"}}
{"logTime": "0204/154759", "correlationVector":"yxvXwjylf4FvypH+jIU0qG.77","action":"GetUpdates", "result":"DeleteReceived", "context":{"id":"f3688fa7-a439-4de8-b5dc-f70526ff6525", "isDeleted:":"true", "version":"1700664172294"}}
{"logTime": "0204/154759", "correlationVector":"yxvXwjylf4FvypH+jIU0qG.78","action":"GetUpdates", "result":"DeleteReceived", "context":{"id":"95bdcd32-6bad-482e-bac4-ab2c33289129", "isDeleted:":"true", "version":"1700664366851"}}
{"logTime": "0204/154759", "correlationVector":"yxvXwjylf4FvypH+jIU0qG.79","action":"GetUpdates", "result":"DeleteReceived", "context":{"id":"fbc92db5-09f6-415b-aae6-02620ecda446", "isDeleted:":"true", "version":"1700666718513"}}
{"logTime": "0204/154759", "correlationVector":"yxvXwjylf4FvypH+jIU0qG.80","action":"GetUpdates", "result":"DeleteReceived", "context":{"id":"4f7d8e22-4ddb-4ee3-b9d2-5cc5dff4e703", "isDeleted:":"true", "version":"1700667087426"}}
{"logTime": "0204/154759", "correlationVector":"yxvXwjylf4FvypH+jIU0qG.81","action":"GetUpdates", "result":"DeleteReceived", "context":{"id":"d0303180-ce3f-4121-913e-0ffd133b3219", "isDeleted:":"true", "version":"1700667202211"}}
{"logTime": "0204/154759", "correlationVector":"yxvXwjylf4FvypH+jIU0qG.82","action":"GetUpdates", "result":"DeleteReceived", "context":{"id":"87872af4-8c28-491b-9df8-d16462e14bf1", "isDeleted:":"true", "version":"1700667337531"}}
{"logTime": "0204/154759", "correlationVector":"yxvXwjylf4FvypH+jIU0qG.83","action":"GetUpdates", "result":"DeleteReceived", "context":{"id":"2abe3711-f43e-4396-9c47-18c1f43c55cd", "isDeleted:":"true", "version":"1700685822149"}}
{"logTime": "0204/154759", "correlationVector":"yxvXwjylf4FvypH+jIU0qG.84","action":"GetUpdates", "result":"DeleteReceived", "context":{"id":"0e1ecdd4-d6b5-49b1-91e8-89828c4617e2", "isDeleted:":"true", "version":"1700700578017"}}
{"logTime": "0204/154759", "correlationVector":"yxvXwjylf4FvypH+jIU0qG.85","action":"GetUpdates", "result":"DeleteReceived", "context":{"id":"137907d6-ff0b-45b0-b9fd-0c58cf56d33d", "isDeleted:":"true", "version":"1700700610788"}}
{"logTime": "0204/154759", "correlationVector":"yxvXwjylf4FvypH+jIU0qG.86","action":"GetUpdates", "result":"DeleteReceived", "context":{"id":"5e91e301-d521-4eff-9894-4ea6b7f83764", "isDeleted:":"true", "version":"1700715184551"}}
{"logTime": "0204/154759", "correlationVector":"yxvXwjylf4FvypH+jIU0qG.87","action":"GetUpdates", "result":"DeleteReceived", "context":{"id":"419d05a3-fd6b-448c-8fd9-d67fc54fcff5", "isDeleted:":"true", "version":"1700716500045"}}
{"logTime": "0204/154759", "correlationVector":"yxvXwjylf4FvypH+jIU0qG.88","action":"GetUpdates", "result":"DeleteReceived", "context":{"id":"4daf815b-9b09-432d-9181-1ef8aa6639c0", "isDeleted:":"true", "version":"1700716500048"}}
{"logTime": "0204/154759", "correlationVector":"yxvXwjylf4FvypH+jIU0qG.89","action":"GetUpdates", "result":"DeleteReceived", "context":{"id":"d6ab61f8-efdc-45c1-b49e-9932d6c1c092", "isDeleted:":"true", "version":"1700716530648"}}
{"logTime": "0204/154759", "correlationVector":"yxvXwjylf4FvypH+jIU0qG.90","action":"GetUpdates", "result":"DeleteReceived", "context":{"id":"e8ecbed1-5c5b-4f42-945a-16ebfbdec05b", "isDeleted:":"true", "version":"1700716530650"}}
{"logTime": "0204/154759", "correlationVector":"yxvXwjylf4FvypH+jIU0qG.91","action":"GetUpdates", "result":"DeleteReceived", "context":{"id":"d8fe455f-f1fb-49bc-919d-f0ed72c7b41a", "isDeleted:":"true", "version":"1700724284162"}}
{"logTime": "0204/154759", "correlationVector":"yxvXwjylf4FvypH+jIU0qG.92","action":"GetUpdates", "result":"DeleteReceived", "context":{"id":"fddda8f0-0df7-42ae-aa9b-e7e6cf7e32a3", "isDeleted:":"true", "version":"1700725776540"}}
{"logTime": "0204/154759", "correlationVector":"yxvXwjylf4FvypH+jIU0qG.93","action":"GetUpdates", "result":"DeleteReceived", "context":{"id":"1fce2d33-37f6-422f-a149-ea73691d54d0", "isDeleted:":"true", "version":"1700726418250"}}
{"logTime": "0204/154759", "correlationVector":"yxvXwjylf4FvypH+jIU0qG.94","action":"GetUpdates", "result":"DeleteReceived", "context":{"id":"d8a976f6-b9ea-49f3-829f-4f8ecf37fde9", "isDeleted:":"true", "version":"1700737167036"}}
{"logTime": "0204/154759", "correlationVector":"yxvXwjylf4FvypH+jIU0qG.95","action":"GetUpdates", "result":"DeleteReceived", "context":{"id":"ef724afe-7deb-4c83-8c22-d45a3658e43c", "isDeleted:":"true", "version":"1700739259013"}}
{"logTime": "0204/154759", "correlationVector":"yxvXwjylf4FvypH+jIU0qG.96","action":"GetUpdates", "result":"DeleteReceived", "context":{"id":"07cecf1b-ffe9-4410-8407-72a5c0cbef54", "isDeleted:":"true", "version":"1700741323668"}}
{"logTime": "0204/154759", "correlationVector":"yxvXwjylf4FvypH+jIU0qG.97","action":"GetUpdates", "result":"DeleteReceived", "context":{"id":"6a6d62df-f785-434a-8305-fefc353ec2df", "isDeleted:":"true", "version":"1700741429746"}}
{"logTime": "0204/154759", "correlationVector":"yxvXwjylf4FvypH+jIU0qG.98","action":"GetUpdates", "result":"DeleteReceived", "context":{"id":"0b38b312-bc3d-4e69-acf0-fa1c75319f02", "isDeleted:":"true", "version":"1700743737887"}}
{"logTime": "0204/154759", "correlationVector":"yxvXwjylf4FvypH+jIU0qG.99","action":"GetUpdates", "result":"DeleteReceived", "context":{"id":"67ddb0c2-7d88-47f1-a4b3-3facf2979ae8", "isDeleted:":"true", "version":"1700808481497"}}
{"logTime": "0204/154759", "correlationVector":"yxvXwjylf4FvypH+jIU0qG.100","action":"GetUpdates", "result":"DeleteReceived", "context":{"id":"07011f1b-85d6-4e7e-84db-28c84b4045e2", "isDeleted:":"true", "version":"1700808972100"}}
{"logTime": "0204/154759", "correlationVector":"yxvXwjylf4FvypH+jIU0qG.101","action":"GetUpdates", "result":"DeleteReceived", "context":{"id":"9102221a-73cd-4511-94ff-856c58b16d41", "isDeleted:":"true", "version":"1700809006987"}}
{"logTime": "0204/154759", "correlationVector":"yxvXwjylf4FvypH+jIU0qG.102","action":"GetUpdates", "result":"DeleteReceived", "context":{"id":"53724314-4fcc-43a4-af36-44e61683f009", "isDeleted:":"true", "version":"1700813324222"}}
{"logTime": "0204/154759", "correlationVector":"yxvXwjylf4FvypH+jIU0qG.103","action":"GetUpdates", "result":"DeleteReceived", "context":{"id":"909bd7f5-49e0-4245-894a-3e4161ea01c6", "isDeleted:":"true", "version":"1700813357546"}}
{"logTime": "0204/154759", "correlationVector":"yxvXwjylf4FvypH+jIU0qG.104","action":"GetUpdates", "result":"DeleteReceived", "context":{"id":"35bd02fa-d75d-456c-b8e6-bea6164026b5", "isDeleted:":"true", "version":"1700816567197"}}
{"logTime": "0204/154759", "correlationVector":"yxvXwjylf4FvypH+jIU0qG.105","action":"GetUpdates", "result":"DeleteReceived", "context":{"id":"cc75625c-fc0d-4789-8a2e-ab4601e823ef", "isDeleted:":"true", "version":"1700816567198"}}
{"logTime": "0204/154759", "correlationVector":"yxvXwjylf4FvypH+jIU0qG.106","action":"GetUpdates", "result":"DeleteReceived", "context":{"id":"109a8280-6c2e-4d2b-96ec-471702e1d014", "isDeleted:":"true", "version":"1700816567200"}}
{"logTime": "0204/154759", "correlationVector":"yxvXwjylf4FvypH+jIU0qG.107","action":"GetUpdates", "result":"DeleteReceived", "context":{"id":"df7f5684-0859-4074-bb26-205dd313eed2", "isDeleted:":"true", "version":"1700816725739"}}
{"logTime": "0204/154759", "correlationVector":"yxvXwjylf4FvypH+jIU0qG.108","action":"GetUpdates", "result":"DeleteReceived", "context":{"id":"722aa2d3-1eb5-49bf-a4fe-0e4f1a76080e", "isDeleted:":"true", "version":"1700816725741"}}
{"logTime": "0204/154759", "correlationVector":"yxvXwjylf4FvypH+jIU0qG.109","action":"GetUpdates", "result":"DeleteReceived", "context":{"id":"41b21772-3d1d-4498-806a-7efeee94013c", "isDeleted:":"true", "version":"1700818859797"}}
{"logTime": "0204/154759", "correlationVector":"yxvXwjylf4FvypH+jIU0qG.110","action":"GetUpdates", "result":"DeleteReceived", "context":{"id":"c6aa9072-758e-41e5-956e-cf6cc36da1ac", "isDeleted:":"true", "version":"1700818909783"}}
{"logTime": "0204/154759", "correlationVector":"yxvXwjylf4FvypH+jIU0qG.111","action":"GetUpdates", "result":"DeleteReceived", "context":{"id":"371c0c13-4cd9-4618-8acd-f8f9917f673a", "isDeleted:":"true", "version":"1700818920110"}}
{"logTime": "0204/154759", "correlationVector":"yxvXwjylf4FvypH+jIU0qG.112","action":"GetUpdates", "result":"DeleteReceived", "context":{"id":"6f685674-4636-450c-a682-37306cad45de", "isDeleted:":"true", "version":"1700825149755"}}
{"logTime": "0204/154759", "correlationVector":"yxvXwjylf4FvypH+jIU0qG.113","action":"GetUpdates", "result":"DeleteReceived", "context":{"id":"5ea4ef26-4100-4935-a97b-8c818601916c", "isDeleted:":"true", "version":"1700825429394"}}
{"logTime": "0204/154759", "correlationVector":"yxvXwjylf4FvypH+jIU0qG.114","action":"GetUpdates", "result":"DeleteReceived", "context":{"id":"3762533d-32f6-40ff-bf79-ac2c98824e15", "isDeleted:":"true", "version":"1700825840801"}}
{"logTime": "0204/154759", "correlationVector":"yxvXwjylf4FvypH+jIU0qG.115","action":"GetUpdates", "result":"DeleteReceived", "context":{"id":"c375dc23-d6e5-4048-8d19-ad639546c5cf", "isDeleted:":"true", "version":"1700825840802"}}
{"logTime": "0204/154759", "correlationVector":"yxvXwjylf4FvypH+jIU0qG.116","action":"GetUpdates", "result":"DeleteReceived", "context":{"id":"26f7b080-cc83-4354-b308-4e0a0775f4f9", "isDeleted:":"true", "version":"1700825840805"}}
{"logTime": "0204/154759", "correlationVector":"yxvXwjylf4FvypH+jIU0qG.117","action":"GetUpdates", "result":"DeleteReceived", "context":{"id":"bfd541f2-3320-40d1-a7ab-69aa1e290908", "isDeleted:":"true", "version":"1700826173960"}}
{"logTime": "0204/154759", "correlationVector":"yxvXwjylf4FvypH+jIU0qG.118","action":"GetUpdates", "result":"DeleteReceived", "context":{"id":"8b808b43-d263-4df6-9fcb-5c64d0520c0b", "isDeleted:":"true", "version":"1700828352412"}}
{"logTime": "0204/154759", "correlationVector":"yxvXwjylf4FvypH+jIU0qG.119","action":"GetUpdates", "result":"DeleteReceived", "context":{"id":"d8ff3051-4e77-4259-a444-232815cffd21", "isDeleted:":"true", "version":"1700828358516"}}
{"logTime": "0204/154759", "correlationVector":"yxvXwjylf4FvypH+jIU0qG.120","action":"GetUpdates", "result":"DeleteReceived", "context":{"id":"088a5d50-9a81-41b9-a606-bab1901268be", "isDeleted:":"true", "version":"1700828594741"}}
{"logTime": "0204/154759", "correlationVector":"yxvXwjylf4FvypH+jIU0qG.121","action":"GetUpdates", "result":"DeleteReceived", "context":{"id":"bd988749-0958-4c4d-82eb-ab1bb23b3e1a", "isDeleted:":"true", "version":"1700832211922"}}
{"logTime": "0204/154759", "correlationVector":"yxvXwjylf4FvypH+jIU0qG.122","action":"GetUpdates", "result":"DeleteReceived", "context":{"id":"0832751a-f7a0-47ac-b5e6-88f682e9abbf", "isDeleted:":"true", "version":"1700832291778"}}
{"logTime": "0204/154759", "correlationVector":"yxvXwjylf4FvypH+jIU0qG.123","action":"GetUpdates", "result":"DeleteReceived", "context":{"id":"17a0ce84-a9a8-4ed3-a338-8a3e03eb989e", "isDeleted:":"true", "version":"1700832301814"}}
{"logTime": "0204/154759", "correlationVector":"yxvXwjylf4FvypH+jIU0qG.124","action":"GetUpdates", "result":"DeleteReceived", "context":{"id":"e5a218ce-6489-4a2f-9025-effd98864a16", "isDeleted:":"true", "version":"1700835538041"}}
{"logTime": "0204/154759", "correlationVector":"yxvXwjylf4FvypH+jIU0qG.125","action":"GetUpdates", "result":"DeleteReceived", "context":{"id":"47831bbb-441c-47ef-8a9c-b04d508adda1", "isDeleted:":"true", "version":"1700868353655"}}
{"logTime": "0204/154759", "correlationVector":"yxvXwjylf4FvypH+jIU0qG.126","action":"GetUpdates", "result":"DeleteReceived", "context":{"id":"af45df62-cb03-4e22-802b-15c02b46acea", "isDeleted:":"true", "version":"1701072343387"}}
{"logTime": "0204/154759", "correlationVector":"yxvXwjylf4FvypH+jIU0qG.127","action":"GetUpdates", "result":"DeleteReceived", "context":{"id":"32ff9f5c-acfd-46e7-82b1-608415d663a6", "isDeleted:":"true", "version":"1701085430504"}}
{"logTime": "0204/154759", "correlationVector":"yxvXwjylf4FvypH+jIU0qG.128","action":"GetUpdates", "result":"DeleteReceived", "context":{"id":"be8afe26-a5df-48b1-9c4d-f37db0aa337b", "isDeleted:":"true", "version":"1701085516849"}}
{"logTime": "0204/154759", "correlationVector":"yxvXwjylf4FvypH+jIU0qG.129","action":"GetUpdates", "result":"DeleteReceived", "context":{"id":"2f310c65-808f-4039-97da-582f2c191d85", "isDeleted:":"true", "version":"1701085516850"}}
{"logTime": "0204/154759", "correlationVector":"yxvXwjylf4FvypH+jIU0qG.130","action":"GetUpdates", "result":"DeleteReceived", "context":{"id":"9d1bcd19-8d97-4df2-854e-1cf460e5f23a", "isDeleted:":"true", "version":"1701085516851"}}
{"logTime": "0204/154759", "correlationVector":"yxvXwjylf4FvypH+jIU0qG.131","action":"GetUpdates", "result":"DeleteReceived", "context":{"id":"9f996916-53fd-457a-9ab7-c204610ba6a2", "isDeleted:":"true", "version":"1701085516852"}}
{"logTime": "0204/154759", "correlationVector":"yxvXwjylf4FvypH+jIU0qG.132","action":"GetUpdates", "result":"DeleteReceived", "context":{"id":"213af8b4-fb1d-49b2-849e-07cc21fa3d20", "isDeleted:":"true", "version":"1701086411218"}}
{"logTime": "0204/154759", "correlationVector":"yxvXwjylf4FvypH+jIU0qG.133","action":"GetUpdates", "result":"DeleteReceived", "context":{"id":"ae5e4f70-ab04-487a-a2ab-e56f0233fa08", "isDeleted:":"true", "version":"1701086411221"}}
{"logTime": "0204/154759", "correlationVector":"yxvXwjylf4FvypH+jIU0qG.134","action":"GetUpdates", "result":"DeleteReceived", "context":{"id":"f64bec7d-fe50-4c16-aa63-edbd9fd31888", "isDeleted:":"true", "version":"1701087983854"}}
{"logTime": "0204/154759", "correlationVector":"yxvXwjylf4FvypH+jIU0qG.135","action":"GetUpdates", "result":"DeleteReceived", "context":{"id":"f87edcb1-efa3-4ba0-9f48-2a6fdb609b43", "isDeleted:":"true", "version":"1701090162506"}}
{"logTime": "0204/154759", "correlationVector":"yxvXwjylf4FvypH+jIU0qG.136","action":"GetUpdates", "result":"DeleteReceived", "context":{"id":"197f4fc3-dc7b-445c-9e1b-e9390c466e40", "isDeleted:":"true", "version":"1701109025140"}}
{"logTime": "0204/154759", "correlationVector":"yxvXwjylf4FvypH+jIU0qG.137","action":"GetUpdates", "result":"DeleteReceived", "context":{"id":"db441775-afcb-4a0f-be47-b4d4024c59be", "isDeleted:":"true", "version":"1701155624768"}}
{"logTime": "0204/154759", "correlationVector":"yxvXwjylf4FvypH+jIU0qG.138","action":"GetUpdates", "result":"DeleteReceived", "context":{"id":"6c0ec921-8cc4-4d1c-ac73-8a3ba2ff3721", "isDeleted:":"true", "version":"1701157317347"}}
{"logTime": "0204/154759", "correlationVector":"yxvXwjylf4FvypH+jIU0qG.139","action":"GetUpdates", "result":"DeleteReceived", "context":{"id":"8a946b7d-bd1f-48fa-ba00-cf7c698c39cd", "isDeleted:":"true", "version":"1701161122684"}}
{"logTime": "0204/154759", "correlationVector":"yxvXwjylf4FvypH+jIU0qG.140","action":"GetUpdates", "result":"DeleteReceived", "context":{"id":"6c8eb8b6-5cd7-4d70-abe8-74075965d489", "isDeleted:":"true", "version":"1701170812013"}}
{"logTime": "0204/154759", "correlationVector":"yxvXwjylf4FvypH+jIU0qG.141","action":"GetUpdates", "result":"DeleteReceived", "context":{"id":"acbf6c61-ae41-4c84-bf75-d60a6d5d6903", "isDeleted:":"true", "version":"1701173347988"}}
{"logTime": "0204/154759", "correlationVector":"yxvXwjylf4FvypH+jIU0qG.142","action":"GetUpdates", "result":"DeleteReceived", "context":{"id":"232bf72f-7e4f-40d4-ac21-b683dae3f6c0", "isDeleted:":"true", "version":"1701173347989"}}
{"logTime": "0204/154759", "correlationVector":"yxvXwjylf4FvypH+jIU0qG.143","action":"GetUpdates", "result":"DeleteReceived", "context":{"id":"80c78ac6-b5dc-4c17-a797-ace945632489", "isDeleted:":"true", "version":"1701173347992"}}
{"logTime": "0204/154759", "correlationVector":"yxvXwjylf4FvypH+jIU0qG.144","action":"GetUpdates", "result":"DeleteReceived", "context":{"id":"9cd0892d-d107-4bbe-b963-081e85cd4a66", "isDeleted:":"true", "version":"1701173359587"}}
{"logTime": "0204/154759", "correlationVector":"yxvXwjylf4FvypH+jIU0qG.145","action":"GetUpdates", "result":"DeleteReceived", "context":{"id":"a6288b51-22a4-47a4-a747-c887e85a0eff", "isDeleted:":"true", "version":"1701191362408"}}
{"logTime": "0204/154759", "correlationVector":"yxvXwjylf4FvypH+jIU0qG.146","action":"GetUpdates", "result":"DeleteReceived", "context":{"id":"4feb102a-e078-4388-8c60-b52fd4d2c267", "isDeleted:":"true", "version":"1701446077617"}}
{"logTime": "0204/154759", "correlationVector":"yxvXwjylf4FvypH+jIU0qG.147","action":"GetUpdates", "result":"DeleteReceived", "context":{"id":"4b744c67-70a7-4947-941e-61e6d86983f0", "isDeleted:":"true", "version":"1701929416565"}}
{"logTime": "0204/154759", "correlationVector":"yxvXwjylf4FvypH+jIU0qG.148","action":"GetUpdates", "result":"DeleteReceived", "context":{"id":"571b57fa-8a48-4fa7-917c-f960629f2bed", "isDeleted:":"true", "version":"1701929442217"}}
{"logTime": "0204/154759", "correlationVector":"yxvXwjylf4FvypH+jIU0qG.149","action":"GetUpdates", "result":"DeleteReceived", "context":{"id":"b47a84e0-ed7c-4115-b4ae-53f677bd6bd3", "isDeleted:":"true", "version":"1702388856214"}}
{"logTime": "0204/154759", "correlationVector":"yxvXwjylf4FvypH+jIU0qG.150","action":"GetUpdates", "result":"DeleteReceived", "context":{"id":"43fab5e4-c378-453f-8f7d-99766a924edd", "isDeleted:":"true", "version":"1703669801763"}}
{"logTime": "0204/154759", "correlationVector":"yxvXwjylf4FvypH+jIU0qG.151","action":"GetUpdates", "result":"DeleteReceived", "context":{"id":"1517337d-b766-4645-a348-6608999740cc", "isDeleted:":"true", "version":"1704711676203"}}
{"logTime": "0204/154759", "correlationVector":"yxvXwjylf4FvypH+jIU0qG.152","action":"GetUpdates", "result":"DeleteReceived", "context":{"id":"621bbd2a-0fe1-4324-8fc8-fa6b2e09ccaa", "isDeleted:":"true", "version":"1704711953974"}}
{"logTime": "0204/154759", "correlationVector":"yxvXwjylf4FvypH+jIU0qG.153","action":"GetUpdates", "result":"DeleteReceived", "context":{"id":"b7121b6f-3001-4559-acf0-74a53758fc13", "isDeleted:":"true", "version":"1704711953975"}}
{"logTime": "0204/154759", "correlationVector":"yxvXwjylf4FvypH+jIU0qG.154","action":"GetUpdates", "result":"DeleteReceived", "context":{"id":"f830582a-7601-4082-a5a1-33aef4ee3e4b", "isDeleted:":"true", "version":"1704711953977"}}
{"logTime": "0204/154759", "correlationVector":"yxvXwjylf4FvypH+jIU0qG.155","action":"GetUpdates", "result":"DeleteReceived", "context":{"id":"7157a303-220e-42df-9369-8c82503b04b7", "isDeleted:":"true", "version":"1704711953979"}}
{"logTime": "0204/154759", "correlationVector":"yxvXwjylf4FvypH+jIU0qG.156","action":"GetUpdates", "result":"DeleteReceived", "context":{"id":"76c8ce7f-83f6-40fb-a003-9d330704d38e", "isDeleted:":"true", "version":"1704711953980"}}
{"logTime": "0204/154759", "correlationVector":"yxvXwjylf4FvypH+jIU0qG.157","action":"GetUpdates", "result":"DeleteReceived", "context":{"id":"c9a5916e-e189-4986-80ff-660599f31b9d", "isDeleted:":"true", "version":"1704715809651"}}
{"logTime": "0204/154759", "correlationVector":"yxvXwjylf4FvypH+jIU0qG.158","action":"GetUpdates", "result":"DeleteReceived", "context":{"id":"ba403ead-de1d-476d-aebf-285b921e77e1", "isDeleted:":"true", "version":"1704715809652"}}
{"logTime": "0204/154759", "correlationVector":"yxvXwjylf4FvypH+jIU0qG.159","action":"GetUpdates", "result":"DeleteReceived", "context":{"id":"64cc4d31-f2a6-4ac1-bb61-9d493ccaf245", "isDeleted:":"true", "version":"1704718880555"}}
{"logTime": "0204/154759", "correlationVector":"yxvXwjylf4FvypH+jIU0qG.160","action":"GetUpdates", "result":"DeleteReceived", "context":{"id":"d2607198-e919-47cf-874a-c7f2746465b1", "isDeleted:":"true", "version":"1704719060927"}}
{"logTime": "0204/154759", "correlationVector":"yxvXwjylf4FvypH+jIU0qG.161","action":"GetUpdates", "result":"DeleteReceived", "context":{"id":"e29f806d-aeb6-414c-a050-e958ca6ca1e7", "isDeleted:":"true", "version":"1704719328906"}}
{"logTime": "0204/154759", "correlationVector":"yxvXwjylf4FvypH+jIU0qG.162","action":"GetUpdates", "result":"DeleteReceived", "context":{"id":"ecc9886a-7524-40a4-80e3-f3ff01594b9c", "isDeleted:":"true", "version":"1704719406074"}}
{"logTime": "0204/154759", "correlationVector":"yxvXwjylf4FvypH+jIU0qG.163","action":"GetUpdates", "result":"DeleteReceived", "context":{"id":"a891d100-7f42-4e05-8e39-8960e71fff28", "isDeleted:":"true", "version":"1704719735812"}}
{"logTime": "0204/154759", "correlationVector":"yxvXwjylf4FvypH+jIU0qG.164","action":"GetUpdates", "result":"DeleteReceived", "context":{"id":"3cdf891c-6337-4446-8209-816cfa32a627", "isDeleted:":"true", "version":"1704719735814"}}
{"logTime": "0204/154759", "correlationVector":"yxvXwjylf4FvypH+jIU0qG.165","action":"GetUpdates", "result":"DeleteReceived", "context":{"id":"43f80e2d-5817-4917-9577-92aa7835521c", "isDeleted:":"true", "version":"1704720775267"}}
{"logTime": "0204/154759", "correlationVector":"yxvXwjylf4FvypH+jIU0qG.166","action":"GetUpdates", "result":"DeleteReceived", "context":{"id":"dfe060d6-e3fc-4771-aa5a-bb54372682b5", "isDeleted:":"true", "version":"1704780098803"}}
{"logTime": "0204/154759", "correlationVector":"yxvXwjylf4FvypH+jIU0qG.167","action":"GetUpdates", "result":"DeleteReceived", "context":{"id":"00ff152c-7dac-4247-bc32-359c28c6f992", "isDeleted:":"true", "version":"1704781066763"}}
{"logTime": "0204/154759", "correlationVector":"yxvXwjylf4FvypH+jIU0qG.168","action":"GetUpdates", "result":"DeleteReceived", "context":{"id":"b06b46bf-796f-4e82-a8a3-af9828784826", "isDeleted:":"true", "version":"1704809538063"}}
{"logTime": "0204/154759", "correlationVector":"yxvXwjylf4FvypH+jIU0qG.169","action":"GetUpdates", "result":"DeleteReceived", "context":{"id":"0ebd9c16-89d0-46fc-946a-61ef26d7e6e7", "isDeleted:":"true", "version":"1705137195643"}}
{"logTime": "0204/154759", "correlationVector":"yxvXwjylf4FvypH+jIU0qG.170","action":"GetUpdates", "result":"DeleteReceived", "context":{"id":"5f11b53b-956e-4851-a8fe-742e06557bb0", "isDeleted:":"true", "version":"1705137195644"}}
{"logTime": "0204/154759", "correlationVector":"yxvXwjylf4FvypH+jIU0qG.171","action":"GetUpdates", "result":"DeleteReceived", "context":{"id":"470080e7-90c3-44aa-ab6f-5c81f67fd0ed", "isDeleted:":"true", "version":"1705137195645"}}
{"logTime": "0204/154759", "correlationVector":"yxvXwjylf4FvypH+jIU0qG.172","action":"GetUpdates Response", "result":"SERVER_MORE_TO_DOWNLOAD", "context":Received 250 update(s).  Some updates remain.}
{"logTime": "0204/154759", "correlationVector":"lrrFODWIosNod2U+rFunN0","action":"Initial GetUpdates", "result":"", "context":Reason: NEWLY_SUPPORTED_DATATYPE. cV=lrrFODWIosNod2U+rFunN0}
{"logTime": "0204/154759", "correlationVector":"lrrFODWIosNod2U+rFunN0.1","action":"SyncServerConnectionManagerRequest", "result":"SYNC_SERVER_OK", "context":{"environment":"Prod_NorthEurope_000h", "migrationStage":"NotStarted", "server":"GENERAL0100000X"}}
{"logTime": "0204/154759", "correlationVector":"lrrFODWIosNod2U+rFunN0.2","action":"GetUpdates", "result":"DeleteReceived", "context":{"id":"52d11d06-f48f-402d-9222-df6df09830ff", "isDeleted:":"true", "version":"1705414564154"}}
{"logTime": "0204/154759", "correlationVector":"lrrFODWIosNod2U+rFunN0.3","action":"GetUpdates", "result":"DeleteReceived", "context":{"id":"3856b5e7-d456-4c11-bf73-23f6075feafd", "isDeleted:":"true", "version":"1705564467471"}}
{"logTime": "0204/154759", "correlationVector":"lrrFODWIosNod2U+rFunN0.4","action":"GetUpdates", "result":"DeleteReceived", "context":{"id":"c2c43ff2-3a6a-4635-968c-a465eb42335c", "isDeleted:":"true", "version":"1705564467473"}}
{"logTime": "0204/154759", "correlationVector":"lrrFODWIosNod2U+rFunN0.5","action":"GetUpdates", "result":"DeleteReceived", "context":{"id":"678fcc36-bdd8-43d1-852d-db4a7afa20b1", "isDeleted:":"true", "version":"1705662732247"}}
{"logTime": "0204/154759", "correlationVector":"lrrFODWIosNod2U+rFunN0.6","action":"GetUpdates", "result":"DeleteReceived", "context":{"id":"1d6292f7-4354-49dd-a1fb-3ccf98f97d0a", "isDeleted:":"true", "version":"1705669842287"}}
{"logTime": "0204/154759", "correlationVector":"lrrFODWIosNod2U+rFunN0.7","action":"GetUpdates", "result":"DeleteReceived", "context":{"id":"5d84dafa-2683-43f1-9055-f923c8ad32e9", "isDeleted:":"true", "version":"1705748691674"}}
{"logTime": "0204/154759", "correlationVector":"lrrFODWIosNod2U+rFunN0.8","action":"GetUpdates", "result":"DeleteReceived", "context":{"id":"20b1061e-8085-4ae7-8ef8-dc0fbc3f884f", "isDeleted:":"true", "version":"1705996783133"}}
{"logTime": "0204/154759", "correlationVector":"lrrFODWIosNod2U+rFunN0.9","action":"GetUpdates", "result":"DeleteReceived", "context":{"id":"895e15d0-264b-4965-a065-cda14c89abe5", "isDeleted:":"true", "version":"1705997869380"}}
{"logTime": "0204/154759", "correlationVector":"lrrFODWIosNod2U+rFunN0.10","action":"GetUpdates", "result":"DeleteReceived", "context":{"id":"2188fe56-fcf7-46e7-9405-3ad2418dd0e7", "isDeleted:":"true", "version":"1705997869382"}}
{"logTime": "0204/154759", "correlationVector":"lrrFODWIosNod2U+rFunN0.11","action":"GetUpdates", "result":"DeleteReceived", "context":{"id":"a9c39089-6d34-4a0a-88f6-d0d4a5d43e6e", "isDeleted:":"true", "version":"1706164228719"}}
{"logTime": "0204/154759", "correlationVector":"lrrFODWIosNod2U+rFunN0.12","action":"GetUpdates", "result":"DeleteReceived", "context":{"id":"b95a8f99-467e-4478-95db-1289bc05c191", "isDeleted:":"true", "version":"1706174525359"}}
{"logTime": "0204/154759", "correlationVector":"lrrFODWIosNod2U+rFunN0.13","action":"GetUpdates", "result":"DeleteReceived", "context":{"id":"299fee0d-1545-4a0d-8827-92c04d11c417", "isDeleted:":"true", "version":"1707058910806"}}
{"logTime": "0204/154759", "correlationVector":"lrrFODWIosNod2U+rFunN0.14","action":"GetUpdates", "result":"DeleteReceived", "context":{"id":"97ecf172-8a20-412a-8ae5-fc8e50a94473", "isDeleted:":"true", "version":"1707059079480"}}
{"logTime": "0204/154759", "correlationVector":"lrrFODWIosNod2U+rFunN0.15","action":"GetUpdates Response", "result":"SYNCER_OK", "context":Received 51 update(s). cV=lrrFODWIosNod2U+rFunN0.0;server=GENERAL0100000X;cloudType=Consumer;environment=Prod_NorthEurope_000h;migrationStage=NotStarted}
{"logTime": "0204/154759", "correlationVector":"RqktMHH8PewEkgtQrozy/4","action":"Normal GetUpdate request", "result":"", "context":cV=RqktMHH8PewEkgtQrozy/4
Nudged types: Bookmarks, Typed URLs, Sessions, Device Info
Refresh requested types: Bookmarks, Preferences, Passwords, Autofill Profiles, Autofill, Autofill Custom Data, Typed URLs, Extensions, Sessions, Extension settings, History Delete Directives, Device Info, User Consents, Send Tab To Self, Web Apps, Collection, Edge E Drop, Edge Hub App Usage, Edge Wallet, Encryption Keys}
{"logTime": "0204/154800", "correlationVector":"RqktMHH8PewEkgtQrozy/4.1","action":"SyncServerConnectionManagerRequest", "result":"SYNC_SERVER_OK", "context":{"environment":"Prod_NorthEurope_000h", "migrationStage":"NotStarted", "server":"GENERAL0100001L"}}
{"logTime": "0204/154800", "correlationVector":"RqktMHH8PewEkgtQrozy/4.2","action":"GetUpdates Response", "result":"SYNCER_OK", "context":Received 0 update(s). cV=RqktMHH8PewEkgtQrozy/4.0;server=GENERAL0100001L;cloudType=Consumer;environment=Prod_NorthEurope_000h;migrationStage=NotStarted}
{"logTime": "0204/154800", "correlationVector":"QoivkByzRKb1SH+oNzH/S2","action":"Commit Request", "result":"", "context":Item count: 1
Contributing types: Device Info}
{"logTime": "0204/154800", "correlationVector":"QoivkByzRKb1SH+oNzH/S2.1","action":"SyncServerConnectionManagerRequest", "result":"SYNC_SERVER_OK", "context":{"environment":"Prod_NorthEurope_000h", "migrationStage":"NotStarted", "server":"GENERAL0100002M"}}
{"logTime": "0204/154800", "correlationVector":"QoivkByzRKb1SH+oNzH/S2.2","action":"Commit Response", "result":"SYNCER_OK", "context":Result: SYNCER_OK. cV=QoivkByzRKb1SH+oNzH/S2.0;server=GENERAL0100002M;cloudType=Consumer;environment=Prod_NorthEurope_000h;migrationStage=NotStarted}
{"logTime": "0204/154800", "correlationVector":"2Jg9+lxZqXIuKmZN+aCR8j","action":"Commit Request", "result":"", "context":Item count: 20
Contributing types: Bookmarks}
{"logTime": "0204/154801", "correlationVector":"2Jg9+lxZqXIuKmZN+aCR8j.1","action":"SyncServerConnectionManagerRequest", "result":"SYNC_SERVER_OK", "context":{"environment":"Prod_NorthEurope_000h", "migrationStage":"NotStarted", "server":"GENERAL0100001X"}}
{"logTime": "0204/154801", "correlationVector":"2Jg9+lxZqXIuKmZN+aCR8j.2","action":"Commit Response", "result":"SYNCER_OK", "context":Result: SYNCER_OK. cV=2Jg9+lxZqXIuKmZN+aCR8j.0;server=GENERAL0100001X;cloudType=Consumer;environment=Prod_NorthEurope_000h;migrationStage=NotStarted}
{"logTime": "0204/154801", "correlationVector":"3L1EI1Cx2txIAxGnkc4OZZ","action":"Commit Request", "result":"", "context":Item count: 20
Contributing types: Bookmarks}
{"logTime": "0204/154802", "correlationVector":"3L1EI1Cx2txIAxGnkc4OZZ.1","action":"SyncServerConnectionManagerRequest", "result":"SYNC_SERVER_OK", "context":{"environment":"Prod_NorthEurope_000h", "migrationStage":"NotStarted", "server":"GENERAL0100002G"}}
{"logTime": "0204/154802", "correlationVector":"3L1EI1Cx2txIAxGnkc4OZZ.2","action":"Commit Response", "result":"SYNCER_OK", "context":Result: SYNCER_OK. cV=3L1EI1Cx2txIAxGnkc4OZZ.0;server=GENERAL0100002G;cloudType=Consumer;environment=Prod_NorthEurope_000h;migrationStage=NotStarted}
{"logTime": "0204/154802", "correlationVector":"4F66z+ciM2muJtPU9q4Hl6","action":"Commit Request", "result":"", "context":Item count: 20
Contributing types: Bookmarks}
{"logTime": "0204/154803", "correlationVector":"4F66z+ciM2muJtPU9q4Hl6.1","action":"SyncServerConnectionManagerRequest", "result":"SYNC_SERVER_OK", "context":{"environment":"Prod_NorthEurope_000h", "migrationStage":"NotStarted", "server":"GENERAL01000007"}}
{"logTime": "0204/154803", "correlationVector":"4F66z+ciM2muJtPU9q4Hl6.2","action":"Commit Response", "result":"SYNCER_OK", "context":Result: SYNCER_OK. cV=4F66z+ciM2muJtPU9q4Hl6.0;server=GENERAL01000007;cloudType=Consumer;environment=Prod_NorthEurope_000h;migrationStage=NotStarted}
{"logTime": "0204/154803", "correlationVector":"ZuPm24YZOL0Q9uK58Y07Qv","action":"Commit Request", "result":"", "context":Item count: 20
Contributing types: Bookmarks}
{"logTime": "0204/154804", "correlationVector":"ZuPm24YZOL0Q9uK58Y07Qv.1","action":"SyncServerConnectionManagerRequest", "result":"SYNC_SERVER_OK", "context":{"environment":"Prod_NorthEurope_000h", "migrationStage":"NotStarted", "server":"GENERAL0100001B"}}
{"logTime": "0204/154804", "correlationVector":"ZuPm24YZOL0Q9uK58Y07Qv.2","action":"Commit Response", "result":"SYNCER_OK", "context":Result: SYNCER_OK. cV=ZuPm24YZOL0Q9uK58Y07Qv.0;server=GENERAL0100001B;cloudType=Consumer;environment=Prod_NorthEurope_000h;migrationStage=NotStarted}
{"logTime": "0204/154804", "correlationVector":"hsiuxsABlShqMX/61pLrVc","action":"Commit Request", "result":"", "context":Item count: 20
Contributing types: Bookmarks}
{"logTime": "0204/154805", "correlationVector":"hsiuxsABlShqMX/61pLrVc.1","action":"SyncServerConnectionManagerRequest", "result":"SYNC_SERVER_OK", "context":{"environment":"Prod_NorthEurope_000h", "migrationStage":"NotStarted", "server":"GENERAL01000027"}}
{"logTime": "0204/154805", "correlationVector":"hsiuxsABlShqMX/61pLrVc.2","action":"Commit Response", "result":"SYNCER_OK", "context":Result: SYNCER_OK. cV=hsiuxsABlShqMX/61pLrVc.0;server=GENERAL01000027;cloudType=Consumer;environment=Prod_NorthEurope_000h;migrationStage=NotStarted}
{"logTime": "0204/154805", "correlationVector":"PI7bpMNGmrORBSqEhmFWdl","action":"Commit Request", "result":"", "context":Item count: 20
Contributing types: Bookmarks}
{"logTime": "0204/154806", "correlationVector":"PI7bpMNGmrORBSqEhmFWdl.1","action":"SyncServerConnectionManagerRequest", "result":"SYNC_SERVER_OK", "context":{"environment":"Prod_NorthEurope_000h", "migrationStage":"NotStarted", "server":"GENERAL0100000A"}}
{"logTime": "0204/154806", "correlationVector":"PI7bpMNGmrORBSqEhmFWdl.2","action":"Commit Response", "result":"SYNCER_OK", "context":Result: SYNCER_OK. cV=PI7bpMNGmrORBSqEhmFWdl.0;server=GENERAL0100000A;cloudType=Consumer;environment=Prod_NorthEurope_000h;migrationStage=NotStarted}
{"logTime": "0204/154806", "correlationVector":"Hj2HdKIRvxbxemR9AyzXqH","action":"Commit Request", "result":"", "context":Item count: 20
Contributing types: Bookmarks}
{"logTime": "0204/154807", "correlationVector":"Hj2HdKIRvxbxemR9AyzXqH.1","action":"SyncServerConnectionManagerRequest", "result":"SYNC_SERVER_OK", "context":{"environment":"Prod_NorthEurope_000h", "migrationStage":"NotStarted", "server":"GENERAL0100000Z"}}
{"logTime": "0204/154807", "correlationVector":"Hj2HdKIRvxbxemR9AyzXqH.2","action":"Commit Response", "result":"SYNCER_OK", "context":Result: SYNCER_OK. cV=Hj2HdKIRvxbxemR9AyzXqH.0;server=GENERAL0100000Z;cloudType=Consumer;environment=Prod_NorthEurope_000h;migrationStage=NotStarted}
{"logTime": "0204/154807", "correlationVector":"k7ByKL3cj8SLeoRtL+9XtN","action":"Commit Request", "result":"", "context":Item count: 20
Contributing types: Bookmarks}
{"logTime": "0204/154808", "correlationVector":"k7ByKL3cj8SLeoRtL+9XtN.1","action":"SyncServerConnectionManagerRequest", "result":"SYNC_SERVER_OK", "context":{"environment":"Prod_NorthEurope_000h", "migrationStage":"NotStarted", "server":"GENERAL0100001B"}}
{"logTime": "0204/154808", "correlationVector":"k7ByKL3cj8SLeoRtL+9XtN.2","action":"Commit Response", "result":"SYNCER_OK", "context":Result: SYNCER_OK. cV=k7ByKL3cj8SLeoRtL+9XtN.0;server=GENERAL0100001B;cloudType=Consumer;environment=Prod_NorthEurope_000h;migrationStage=NotStarted}
{"logTime": "0204/154808", "correlationVector":"hLTdfq0QwdgM1D2WOu5i4z","action":"Commit Request", "result":"", "context":Item count: 10
Contributing types: Bookmarks, Typed URLs, Sessions}
{"logTime": "0204/154809", "correlationVector":"hLTdfq0QwdgM1D2WOu5i4z.1","action":"SyncServerConnectionManagerRequest", "result":"SYNC_SERVER_OK", "context":{"environment":"Prod_NorthEurope_000h", "migrationStage":"NotStarted", "server":"GENERAL0100000Z"}}
{"logTime": "0204/154809", "correlationVector":"hLTdfq0QwdgM1D2WOu5i4z.2","action":"Commit Response", "result":"SYNCER_OK", "context":Result: SYNCER_OK. cV=hLTdfq0QwdgM1D2WOu5i4z.0;server=GENERAL0100000Z;cloudType=Consumer;environment=Prod_NorthEurope_000h;migrationStage=NotStarted}
{"logTime": "0204/154811", "correlationVector":"EVP/YL/PabN99o+AkiULpY","action":"Commit Request", "result":"", "context":Item count: 1
Contributing types: Preferences}
{"logTime": "0204/154812", "correlationVector":"EVP/YL/PabN99o+AkiULpY.1","action":"SyncServerConnectionManagerRequest", "result":"SYNC_SERVER_OK", "context":{"environment":"Prod_NorthEurope_000h", "migrationStage":"NotStarted", "server":"GENERAL0100000N"}}
{"logTime": "0204/154812", "correlationVector":"EVP/YL/PabN99o+AkiULpY.2","action":"Commit Response", "result":"SYNCER_OK", "context":Result: SYNCER_OK. cV=EVP/YL/PabN99o+AkiULpY.0;server=GENERAL0100000N;cloudType=Consumer;environment=Prod_NorthEurope_000h;migrationStage=NotStarted}
{"logTime": "0204/155227", "correlationVector":"w+gXzPUjhNv1j0vp7aNFc1","action":"Normal GetUpdate request", "result":"", "context":cV=w+gXzPUjhNv1j0vp7aNFc1
Refresh requested types: Bookmarks, Preferences, Passwords, Autofill Profiles, Autofill, Autofill Custom Data, Typed URLs, Extensions, Sessions, Extension settings, History Delete Directives, Device Info, User Consents, Send Tab To Self, Web Apps, Collection, Edge E Drop, Edge Hub App Usage, Edge Wallet, Encryption Keys}
{"logTime": "0204/155228", "correlationVector":"w+gXzPUjhNv1j0vp7aNFc1.1","action":"SyncServerConnectionManagerRequest", "result":"SYNC_SERVER_OK", "context":{"environment":"Prod_NorthEurope_000h", "migrationStage":"NotStarted", "server":"GENERAL0300002E"}}
{"logTime": "0204/155228", "correlationVector":"w+gXzPUjhNv1j0vp7aNFc1.2","action":"GetUpdates Response", "result":"SYNCER_OK", "context":Received 172 update(s). cV=w+gXzPUjhNv1j0vp7aNFc1.0;server=GENERAL0300002E;cloudType=Consumer;environment=Prod_NorthEurope_000h;migrationStage=NotStarted}
{"logTime": "0204/160247", "correlationVector":"esx21cx1vVuLKIm73PZgOj","action":"Commit Request", "result":"", "context":Item count: 1
Contributing types: Sessions}
{"logTime": "0204/160247", "correlationVector":"esx21cx1vVuLKIm73PZgOj.1","action":"SyncServerConnectionManagerRequest", "result":"SYNC_SERVER_OK", "context":{"environment":"Prod_NorthEurope_000h", "migrationStage":"NotStarted", "server":"GENERAL0100000M"}}
{"logTime": "0204/160247", "correlationVector":"esx21cx1vVuLKIm73PZgOj.2","action":"Commit Response", "result":"SYNCER_OK", "context":Result: SYNCER_OK. cV=esx21cx1vVuLKIm73PZgOj.0;server=GENERAL0100000M;cloudType=Consumer;environment=Prod_NorthEurope_000h;migrationStage=NotStarted}
{"logTime": "0204/160534", "correlationVector":"QNEVp4vVRVGAYDxHKJETiC","action":"Commit Request", "result":"", "context":Item count: 1
Contributing types: Sessions}
{"logTime": "0204/160535", "correlationVector":"QNEVp4vVRVGAYDxHKJETiC.1","action":"SyncServerConnectionManagerRequest", "result":"SYNC_SERVER_OK", "context":{"environment":"Prod_NorthEurope_000h", "migrationStage":"NotStarted", "server":"GENERAL01000014"}}
{"logTime": "0204/160535", "correlationVector":"QNEVp4vVRVGAYDxHKJETiC.2","action":"Commit Response", "result":"SYNCER_OK", "context":Result: SYNCER_OK. cV=QNEVp4vVRVGAYDxHKJETiC.0;server=GENERAL01000014;cloudType=Consumer;environment=Prod_NorthEurope_000h;migrationStage=NotStarted}
{"logTime": "0204/160639", "correlationVector":"3knsaMK14cF1HM5ZIV53A5.1","action":"SyncServerConnectionManagerRequest", "result":"SYNC_SERVER_OK", "context":{"environment":"Prod_NorthEurope_000h", "migrationStage":"NotStarted", "server":"GENERAL0100001W"}}
{"logTime": "0204/160639", "correlationVector":"3knsaMK14cF1HM5ZIV53A5","action":"Initial GetUpdates", "result":"", "context":Reason: NEW_CLIENT. cV=3knsaMK14cF1HM5ZIV53A5}
{"logTime": "0204/160639", "correlationVector":"3knsaMK14cF1HM5ZIV53A5.2","action":"GetUpdates Response", "result":"SYNCER_OK", "context":Received 1 update(s). cV=3knsaMK14cF1HM5ZIV53A5.0;server=GENERAL0100001W;cloudType=Consumer;environment=Prod_NorthEurope_000h;migrationStage=NotStarted}
{"logTime": "0204/160639", "correlationVector":"lOVFEy5o366fuGXtmvfOAB","action":"Initial GetUpdates", "result":"", "context":Reason: NEWLY_SUPPORTED_DATATYPE. cV=lOVFEy5o366fuGXtmvfOAB}
{"logTime": "0204/160639", "correlationVector":"lOVFEy5o366fuGXtmvfOAB.1","action":"SyncServerConnectionManagerRequest", "result":"SYNC_SERVER_OK", "context":{"environment":"Prod_NorthEurope_000h", "migrationStage":"NotStarted", "server":"GENERAL0100001Z"}}
{"logTime": "0204/160639", "correlationVector":"lOVFEy5o366fuGXtmvfOAB.2","action":"GetUpdates", "result":"DeleteReceived", "context":{"id":"70795451-6fb8-4a00-ace9-2a3f36f9179b", "isDeleted:":"true", "version":"1693378675007"}}
{"logTime": "0204/160639", "correlationVector":"lOVFEy5o366fuGXtmvfOAB.3","action":"GetUpdates", "result":"DeleteReceived", "context":{"id":"a049cbd1-5774-44ec-ae8e-b787e86819b5", "isDeleted:":"true", "version":"1698555368153"}}
{"logTime": "0204/160639", "correlationVector":"lOVFEy5o366fuGXtmvfOAB.4","action":"GetUpdates", "result":"DeleteReceived", "context":{"id":"3460e233-427d-48ad-b4a8-47d7516f14fa", "isDeleted:":"true", "version":"1700825724804"}}
{"logTime": "0204/160639", "correlationVector":"lOVFEy5o366fuGXtmvfOAB.5","action":"GetUpdates Response", "result":"SERVER_MORE_TO_DOWNLOAD", "context":Received 250 update(s).  Some updates remain.}
{"logTime": "0204/160639", "correlationVector":"D1gVzhs+hqO3BeXWuxlCqb","action":"Initial GetUpdates", "result":"", "context":Reason: NEWLY_SUPPORTED_DATATYPE. cV=D1gVzhs+hqO3BeXWuxlCqb}
{"logTime": "0204/160639", "correlationVector":"D1gVzhs+hqO3BeXWuxlCqb.1","action":"SyncServerConnectionManagerRequest", "result":"SYNC_SERVER_OK", "context":{"environment":"Prod_NorthEurope_000h", "migrationStage":"NotStarted", "server":"GENERAL0100001Z"}}
{"logTime": "0204/160639", "correlationVector":"D1gVzhs+hqO3BeXWuxlCqb.2","action":"GetUpdates Response", "result":"SYNCER_OK", "context":Received 60 update(s). cV=D1gVzhs+hqO3BeXWuxlCqb.0;server=GENERAL0100001Z;cloudType=Consumer;environment=Prod_NorthEurope_000h;migrationStage=NotStarted}
{"logTime": "0204/160639", "correlationVector":"VfvhD4MD7NUP52Q6M+LT6m","action":"SyncServerConnectionManagerRequest", "result":"SYNC_SERVER_OK", "context":{"environment":"", "migrationStage":"", "server":""}}
{"logTime": "0204/160639", "correlationVector":"FhDTG4ROQGB15Vl+sQo1zF","action":"Normal GetUpdate request", "result":"", "context":cV=FhDTG4ROQGB15Vl+sQo1zF
Nudged types: Sessions
Refresh requested types: Bookmarks, Preferences, Passwords, Autofill Profiles, Autofill, Autofill Custom Data, Typed URLs, Extensions, Sessions, Extension settings, History Delete Directives, Device Info, User Consents, Send Tab To Self, Web Apps, Collection, Edge E Drop, Edge Hub App Usage, Edge Wallet, Encryption Keys}
{"logTime": "0204/160639", "correlationVector":"FhDTG4ROQGB15Vl+sQo1zF.1","action":"SyncServerConnectionManagerRequest", "result":"SYNC_SERVER_OK", "context":{"environment":"Prod_NorthEurope_000h", "migrationStage":"NotStarted", "server":"GENERAL0100000Y"}}
{"logTime": "0204/160639", "correlationVector":"FhDTG4ROQGB15Vl+sQo1zF.2","action":"GetUpdates Response", "result":"SYNCER_OK", "context":Received 1 update(s). cV=FhDTG4ROQGB15Vl+sQo1zF.0;server=GENERAL0100000Y;cloudType=Consumer;environment=Prod_NorthEurope_000h;migrationStage=NotStarted}
{"logTime": "0204/160639", "correlationVector":"wQBuXynE2AFlOQxljknJ2L","action":"Commit Request", "result":"", "context":Item count: 3
Contributing types: Sessions}
{"logTime": "0204/160639", "correlationVector":"wQBuXynE2AFlOQxljknJ2L.1","action":"SyncServerConnectionManagerRequest", "result":"SYNC_SERVER_OK", "context":{"environment":"Prod_NorthEurope_000h", "migrationStage":"NotStarted", "server":"GENERAL0100001W"}}
{"logTime": "0204/160639", "correlationVector":"wQBuXynE2AFlOQxljknJ2L.3","action":"Commit.Sessions", "result":"Success", "context":{"id":"4fa8c43d-42d1-47fc-9245-dc0a6a36809d", "isDeleted":"true", "size":"0", "version":"1707062735240"}}
{"logTime": "0204/160639", "correlationVector":"wQBuXynE2AFlOQxljknJ2L.2","action":"Commit Response", "result":"SYNCER_OK", "context":Result: SYNCER_OK. cV=wQBuXynE2AFlOQxljknJ2L.0;server=GENERAL0100001W;cloudType=Consumer;environment=Prod_NorthEurope_000h;migrationStage=NotStarted}
{"logTime": "0204/160639", "correlationVector":"kMAWax0Yi7woHvQx4KlGkT","action":"Normal GetUpdate request", "result":"", "context":cV=kMAWax0Yi7woHvQx4KlGkT
Nudged types: Sessions
Refresh requested types: Bookmarks, Preferences, Passwords, Autofill Profiles, Autofill, Autofill Custom Data, Typed URLs, Extensions, Sessions, Extension settings, History Delete Directives, Device Info, User Consents, Send Tab To Self, Web Apps, Collection, Edge E Drop, Edge Hub App Usage, Edge Wallet, Encryption Keys}
{"logTime": "0204/160639", "correlationVector":"kMAWax0Yi7woHvQx4KlGkT.1","action":"SyncServerConnectionManagerRequest", "result":"SYNC_SERVER_OK", "context":{"environment":"Prod_NorthEurope_000h", "migrationStage":"NotStarted", "server":"GENERAL01000026"}}
{"logTime": "0204/160639", "correlationVector":"kMAWax0Yi7woHvQx4KlGkT.2","action":"GetUpdates", "result":"DeleteReceived", "context":{"id":"4fa8c43d-42d1-47fc-9245-dc0a6a36809d", "isDeleted:":"true", "version":"1707062791484"}}
{"logTime": "0204/160639", "correlationVector":"kMAWax0Yi7woHvQx4KlGkT.3","action":"GetUpdates Response", "result":"SYNCER_OK", "context":Received 3 update(s). cV=kMAWax0Yi7woHvQx4KlGkT.0;server=GENERAL01000026;cloudType=Consumer;environment=Prod_NorthEurope_000h;migrationStage=NotStarted}
{"logTime": "0204/160641", "correlationVector":"8SbJbmEKjsF7FFw0u08utr","action":"Commit Request", "result":"", "context":Item count: 2
Contributing types: Preferences, Sessions}
{"logTime": "0204/160641", "correlationVector":"8SbJbmEKjsF7FFw0u08utr.1","action":"SyncServerConnectionManagerRequest", "result":"SYNC_SERVER_OK", "context":{"environment":"Prod_NorthEurope_000h", "migrationStage":"NotStarted", "server":"GENERAL01000008"}}
{"logTime": "0204/160641", "correlationVector":"8SbJbmEKjsF7FFw0u08utr.2","action":"Commit Response", "result":"SYNCER_OK", "context":Result: SYNCER_OK. cV=8SbJbmEKjsF7FFw0u08utr.0;server=GENERAL01000008;cloudType=Consumer;environment=Prod_NorthEurope_000h;migrationStage=NotStarted}
{"logTime": "0204/160701", "correlationVector":"+CI0KqV18VCBoq/ejZY31R","action":"Commit Request", "result":"", "context":Item count: 1
Contributing types: Preferences}
{"logTime": "0204/160701", "correlationVector":"+CI0KqV18VCBoq/ejZY31R.1","action":"SyncServerConnectionManagerRequest", "result":"SYNC_SERVER_OK", "context":{"environment":"Prod_NorthEurope_000h", "migrationStage":"NotStarted", "server":"GENERAL0300002E"}}
{"logTime": "0204/160701", "correlationVector":"+CI0KqV18VCBoq/ejZY31R.2","action":"Commit Response", "result":"SYNCER_OK", "context":Result: SYNCER_OK. cV=+CI0KqV18VCBoq/ejZY31R.0;server=GENERAL0300002E;cloudType=Consumer;environment=Prod_NorthEurope_000h;migrationStage=NotStarted}
{"logTime": "0204/161128", "correlationVector":"aTG3iugZUVL2tDrD2v9u0E","action":"Normal GetUpdate request", "result":"", "context":cV=aTG3iugZUVL2tDrD2v9u0E
Refresh requested types: Bookmarks, Preferences, Passwords, Autofill Profiles, Autofill, Autofill Custom Data, Typed URLs, Extensions, Sessions, Extension settings, History Delete Directives, Device Info, User Consents, Send Tab To Self, Web Apps, Collection, Edge E Drop, Edge Hub App Usage, Edge Wallet, Encryption Keys}
{"logTime": "0204/161128", "correlationVector":"aTG3iugZUVL2tDrD2v9u0E.1","action":"SyncServerConnectionManagerRequest", "result":"SYNC_SERVER_OK", "context":{"environment":"Prod_NorthEurope_000h", "migrationStage":"NotStarted", "server":"GENERAL0100001D"}}
{"logTime": "0204/161128", "correlationVector":"aTG3iugZUVL2tDrD2v9u0E.2","action":"GetUpdates Response", "result":"SYNCER_OK", "context":Received 3 update(s). cV=aTG3iugZUVL2tDrD2v9u0E.0;server=GENERAL0100001D;cloudType=Consumer;environment=Prod_NorthEurope_000h;migrationStage=NotStarted}
{"logTime": "0204/170203", "correlationVector":"pjUDQwDpTi7OLxeiaFNIzk","action":"SyncServerConnectionManagerRequest", "result":"SYNC_SERVER_OK", "context":{"environment":"", "migrationStage":"", "server":""}}
{"logTime": "0204/170203", "correlationVector":"yWnJFtBcgZnaNaxAbl14r9.1","action":"SyncServerConnectionManagerRequest", "result":"SYNC_SERVER_OK", "context":{"environment":"Prod_NorthEurope_000h", "migrationStage":"NotStarted", "server":"GENERAL0300001T"}}
{"logTime": "0204/170203", "correlationVector":"yWnJFtBcgZnaNaxAbl14r9","action":"Initial GetUpdates", "result":"", "context":Reason: NEW_CLIENT. cV=yWnJFtBcgZnaNaxAbl14r9}
{"logTime": "0204/170203", "correlationVector":"yWnJFtBcgZnaNaxAbl14r9.2","action":"GetUpdates Response", "result":"SYNCER_OK", "context":Received 1 update(s). cV=yWnJFtBcgZnaNaxAbl14r9.0;server=GENERAL0300001T;cloudType=Consumer;environment=Prod_NorthEurope_000h;migrationStage=NotStarted}
{"logTime": "0204/170203", "correlationVector":"RfbWJu2PFGPVAdOeu2+O1f","action":"Initial GetUpdates", "result":"", "context":Reason: NEWLY_SUPPORTED_DATATYPE. cV=RfbWJu2PFGPVAdOeu2+O1f}
{"logTime": "0204/170203", "correlationVector":"RfbWJu2PFGPVAdOeu2+O1f.1","action":"SyncServerConnectionManagerRequest", "result":"SYNC_SERVER_OK", "context":{"environment":"Prod_NorthEurope_000h", "migrationStage":"NotStarted", "server":"GENERAL01000026"}}
{"logTime": "0204/170203", "correlationVector":"RfbWJu2PFGPVAdOeu2+O1f.2","action":"GetUpdates", "result":"DeleteReceived", "context":{"id":"70795451-6fb8-4a00-ace9-2a3f36f9179b", "isDeleted:":"true", "version":"1693378675007"}}
{"logTime": "0204/170203", "correlationVector":"RfbWJu2PFGPVAdOeu2+O1f.3","action":"GetUpdates", "result":"DeleteReceived", "context":{"id":"a049cbd1-5774-44ec-ae8e-b787e86819b5", "isDeleted:":"true", "version":"1698555368153"}}
{"logTime": "0204/170203", "correlationVector":"RfbWJu2PFGPVAdOeu2+O1f.4","action":"GetUpdates", "result":"DeleteReceived", "context":{"id":"3460e233-427d-48ad-b4a8-47d7516f14fa", "isDeleted:":"true", "version":"1700825724804"}}
{"logTime": "0204/170203", "correlationVector":"RfbWJu2PFGPVAdOeu2+O1f.5","action":"GetUpdates Response", "result":"SERVER_MORE_TO_DOWNLOAD", "context":Received 250 update(s).  Some updates remain.}
{"logTime": "0204/170203", "correlationVector":"ToOaheQoMgu7bL56sOtZeS","action":"Initial GetUpdates", "result":"", "context":Reason: NEWLY_SUPPORTED_DATATYPE. cV=ToOaheQoMgu7bL56sOtZeS}
{"logTime": "0204/170203", "correlationVector":"ToOaheQoMgu7bL56sOtZeS.1","action":"SyncServerConnectionManagerRequest", "result":"SYNC_SERVER_OK", "context":{"environment":"Prod_NorthEurope_000h", "migrationStage":"NotStarted", "server":"GENERAL01000024"}}
{"logTime": "0204/170203", "correlationVector":"ToOaheQoMgu7bL56sOtZeS.2","action":"GetUpdates Response", "result":"SYNCER_OK", "context":Received 60 update(s). cV=ToOaheQoMgu7bL56sOtZeS.0;server=GENERAL01000024;cloudType=Consumer;environment=Prod_NorthEurope_000h;migrationStage=NotStarted}
{"logTime": "0204/170203", "correlationVector":"fap7pIAh5rDQ12NvDLqMkO","action":"Normal GetUpdate request", "result":"", "context":cV=fap7pIAh5rDQ12NvDLqMkO
Nudged types: Sessions
Refresh requested types: Bookmarks, Preferences, Passwords, Autofill Profiles, Autofill, Autofill Custom Data, Typed URLs, Extensions, Sessions, Extension settings, History Delete Directives, Device Info, User Consents, Send Tab To Self, Web Apps, Collection, Edge E Drop, Edge Hub App Usage, Edge Wallet, Encryption Keys}
{"logTime": "0204/170203", "correlationVector":"fap7pIAh5rDQ12NvDLqMkO.1","action":"SyncServerConnectionManagerRequest", "result":"SYNC_SERVER_OK", "context":{"environment":"Prod_NorthEurope_000h", "migrationStage":"NotStarted", "server":"GENERAL01000024"}}
{"logTime": "0204/170203", "correlationVector":"fap7pIAh5rDQ12NvDLqMkO.2","action":"GetUpdates Response", "result":"SYNCER_OK", "context":Received 0 update(s). cV=fap7pIAh5rDQ12NvDLqMkO.0;server=GENERAL01000024;cloudType=Consumer;environment=Prod_NorthEurope_000h;migrationStage=NotStarted}
{"logTime": "0204/170203", "correlationVector":"ac5Kpd1dKeusm/KLGHZJXF","action":"Commit Request", "result":"", "context":Item count: 3
Contributing types: Sessions}
{"logTime": "0204/170203", "correlationVector":"ac5Kpd1dKeusm/KLGHZJXF.1","action":"SyncServerConnectionManagerRequest", "result":"SYNC_SERVER_OK", "context":{"environment":"Prod_NorthEurope_000h", "migrationStage":"NotStarted", "server":"GENERAL0100001F"}}
{"logTime": "0204/170203", "correlationVector":"ac5Kpd1dKeusm/KLGHZJXF.3","action":"Commit.Sessions", "result":"Success", "context":{"id":"1c908f61-94ac-472a-8ffd-ae7c038110d6", "isDeleted":"true", "size":"0", "version":"1707062801694"}}
{"logTime": "0204/170203", "correlationVector":"ac5Kpd1dKeusm/KLGHZJXF.2","action":"Commit Response", "result":"SYNCER_OK", "context":Result: SYNCER_OK. cV=ac5Kpd1dKeusm/KLGHZJXF.0;server=GENERAL0100001F;cloudType=Consumer;environment=Prod_NorthEurope_000h;migrationStage=NotStarted}
{"logTime": "0204/170205", "correlationVector":"7oxnrM71WxqUGcFYI/2pS5","action":"Normal GetUpdate request", "result":"", "context":cV=7oxnrM71WxqUGcFYI/2pS5
Nudged types: Preferences, Sessions}
{"logTime": "0204/170205", "correlationVector":"7oxnrM71WxqUGcFYI/2pS5.1","action":"SyncServerConnectionManagerRequest", "result":"SYNC_SERVER_OK", "context":{"environment":"Prod_NorthEurope_000h", "migrationStage":"NotStarted", "server":"GENERAL01000000"}}
{"logTime": "0204/170205", "correlationVector":"7oxnrM71WxqUGcFYI/2pS5.2","action":"GetUpdates", "result":"DeleteReceived", "context":{"id":"1c908f61-94ac-472a-8ffd-ae7c038110d6", "isDeleted:":"true", "version":"1707066118215"}}
{"logTime": "0204/170205", "correlationVector":"7oxnrM71WxqUGcFYI/2pS5.3","action":"GetUpdates Response", "result":"SYNCER_OK", "context":Received 3 update(s). cV=7oxnrM71WxqUGcFYI/2pS5.0;server=GENERAL01000000;cloudType=Consumer;environment=Prod_NorthEurope_000h;migrationStage=NotStarted}
{"logTime": "0204/170205", "correlationVector":"QrCKEbyBiw7qCCQa0l5QxZ","action":"Commit Request", "result":"", "context":Item count: 2
Contributing types: Preferences, Sessions}
{"logTime": "0204/170206", "correlationVector":"QrCKEbyBiw7qCCQa0l5QxZ.1","action":"SyncServerConnectionManagerRequest", "result":"SYNC_SERVER_OK", "context":{"environment":"Prod_NorthEurope_000h", "migrationStage":"NotStarted", "server":"GENERAL0100002D"}}
{"logTime": "0204/170206", "correlationVector":"QrCKEbyBiw7qCCQa0l5QxZ.2","action":"Commit Response", "result":"SYNCER_OK", "context":Result: SYNCER_OK. cV=QrCKEbyBiw7qCCQa0l5QxZ.0;server=GENERAL0100002D;cloudType=Consumer;environment=Prod_NorthEurope_000h;migrationStage=NotStarted}
{"logTime": "0204/170231", "correlationVector":"PBbccLwHqcwVO4mXl3K6u8","action":"Commit Request", "result":"", "context":Item count: 2
Contributing types: Preferences, Sessions}
{"logTime": "0204/170232", "correlationVector":"PBbccLwHqcwVO4mXl3K6u8.1","action":"SyncServerConnectionManagerRequest", "result":"SYNC_SERVER_OK", "context":{"environment":"Prod_NorthEurope_000h", "migrationStage":"NotStarted", "server":"GENERAL01000026"}}
{"logTime": "0204/170232", "correlationVector":"PBbccLwHqcwVO4mXl3K6u8.2","action":"Commit Response", "result":"SYNCER_OK", "context":Result: SYNCER_OK. cV=PBbccLwHqcwVO4mXl3K6u8.0;server=GENERAL01000026;cloudType=Consumer;environment=Prod_NorthEurope_000h;migrationStage=NotStarted}
{"logTime": "0204/170654", "correlationVector":"l1cn/gF+bO9CHAc6FxDh1Q","action":"Normal GetUpdate request", "result":"", "context":cV=l1cn/gF+bO9CHAc6FxDh1Q
Nudged types: Sessions
Refresh requested types: Bookmarks, Preferences, Passwords, Autofill Profiles, Autofill, Autofill Custom Data, Typed URLs, Extensions, Sessions, Extension settings, History Delete Directives, Device Info, User Consents, Send Tab To Self, Web Apps, Collection, Edge E Drop, Edge Hub App Usage, Edge Wallet, Encryption Keys}
{"logTime": "0204/170654", "correlationVector":"l1cn/gF+bO9CHAc6FxDh1Q.1","action":"SyncServerConnectionManagerRequest", "result":"SYNC_SERVER_OK", "context":{"environment":"Prod_NorthEurope_000h", "migrationStage":"NotStarted", "server":"GENERAL0100000W"}}
{"logTime": "0204/170654", "correlationVector":"l1cn/gF+bO9CHAc6FxDh1Q.2","action":"GetUpdates Response", "result":"SYNCER_OK", "context":Received 3 update(s). cV=l1cn/gF+bO9CHAc6FxDh1Q.0;server=GENERAL0100000W;cloudType=Consumer;environment=Prod_NorthEurope_000h;migrationStage=NotStarted}
{"logTime": "0204/170654", "correlationVector":"V1LeWmq99z6zWqH+hkn1fh","action":"Commit Request", "result":"", "context":Item count: 1
Contributing types: Sessions}
{"logTime": "0204/170654", "correlationVector":"V1LeWmq99z6zWqH+hkn1fh.1","action":"SyncServerConnectionManagerRequest", "result":"SYNC_SERVER_OK", "context":{"environment":"Prod_NorthEurope_000h", "migrationStage":"NotStarted", "server":"GENERAL0100002J"}}
{"logTime": "0204/170654", "correlationVector":"V1LeWmq99z6zWqH+hkn1fh.2","action":"Commit Response", "result":"SYNCER_OK", "context":Result: SYNCER_OK. cV=V1LeWmq99z6zWqH+hkn1fh.0;server=GENERAL0100002J;cloudType=Consumer;environment=Prod_NorthEurope_000h;migrationStage=NotStarted}
{"logTime": "0204/170940", "correlationVector":"wUTuoC96opc5UQBai1YvRO","action":"Commit Request", "result":"", "context":Item count: 1
Contributing types: Sessions}
{"logTime": "0204/170941", "correlationVector":"wUTuoC96opc5UQBai1YvRO.1","action":"SyncServerConnectionManagerRequest", "result":"SYNC_SERVER_OK", "context":{"environment":"Prod_NorthEurope_000h", "migrationStage":"NotStarted", "server":"GENERAL0100000I"}}
{"logTime": "0204/170941", "correlationVector":"wUTuoC96opc5UQBai1YvRO.2","action":"Commit Response", "result":"SYNCER_OK", "context":Result: SYNCER_OK. cV=wUTuoC96opc5UQBai1YvRO.0;server=GENERAL0100000I;cloudType=Consumer;environment=Prod_NorthEurope_000h;migrationStage=NotStarted}
